InnoDB: using atomic writes.
2020-06-16 19:44:45 0 [Note] InnoDB: Mutexes and rw_locks use Windows interlocked functions
2020-06-16 19:44:45 0 [Note] InnoDB: Uses event mutexes
2020-06-16 19:44:45 0 [Note] InnoDB: Compressed tables use zlib 1.2.11
2020-06-16 19:44:45 0 [Note] InnoDB: Number of pools: 1
2020-06-16 19:44:45 0 [Note] InnoDB: Using SSE2 crc32 instructions
2020-06-16 19:44:45 0 [Note] InnoDB: Initializing buffer pool, total size = 16M, instances = 1, chunk size = 16M
2020-06-16 19:44:45 0 [Note] InnoDB: Completed initialization of buffer pool
2020-06-16 19:44:45 0 [Note] InnoDB: Starting crash recovery from checkpoint LSN=300288
2020-06-16 19:44:45 0 [Note] InnoDB: 128 out of 128 rollback segments are active.
2020-06-16 19:44:45 0 [Note] InnoDB: Removed temporary tablespace data file: "ibtmp1"
2020-06-16 19:44:45 0 [Note] InnoDB: Creating shared tablespace for temporary tables
2020-06-16 19:44:45 0 [Note] InnoDB: Setting file 'D:\Pierre MESTRE\Desktop\ANDROID\PROJET\mysql\data\ibtmp1' size to 12 MB. Physically writing the file full; Please wait ...
2020-06-16 19:44:45 0 [Note] InnoDB: File 'D:\Pierre MESTRE\Desktop\ANDROID\PROJET\mysql\data\ibtmp1' size is now 12 MB.
2020-06-16 19:44:45 0 [Note] InnoDB: Waiting for purge to start
2020-06-16 19:44:45 0 [Note] InnoDB: 10.4.11 started; log sequence number 300297; transaction id 171
2020-06-16 19:44:45 0 [Note] InnoDB: Loading buffer pool(s) from D:\Pierre MESTRE\Desktop\ANDROID\PROJET\mysql\data\ib_buffer_pool
2020-06-16 19:44:45 0 [Note] Plugin 'FEEDBACK' is disabled.
2020-06-16 19:44:45 0 [Note] Server socket created on IP: '::'.
2020-06-16 19:44:45 0 [ERROR] Can't start server: Bind on TCP/IP port. Got error: 10048: Une seule utilisation de chaque adresse de socket (protocole/adresse réseau/port) est habituellement autorisée.

2020-06-16 19:44:45 0 [ERROR] Do you already have another mysqld server running on port: 3306 ?
2020-06-16 19:44:45 0 [ERROR] Aborting
InnoDB: using atomic writes.
2020-06-16 19:44:51 0 [Note] InnoDB: Mutexes and rw_locks use Windows interlocked functions
2020-06-16 19:44:51 0 [Note] InnoDB: Uses event mutexes
2020-06-16 19:44:51 0 [Note] InnoDB: Compressed tables use zlib 1.2.11
2020-06-16 19:44:51 0 [Note] InnoDB: Number of pools: 1
2020-06-16 19:44:51 0 [Note] InnoDB: Using SSE2 crc32 instructions
2020-06-16 19:44:51 0 [Note] InnoDB: Initializing buffer pool, total size = 16M, instances = 1, chunk size = 16M
2020-06-16 19:44:51 0 [Note] InnoDB: Completed initialization of buffer pool
2020-06-16 19:44:52 0 [Note] InnoDB: 128 out of 128 rollback segments are active.
InnoDB: using atomic writes.
2020-06-16 19:46:07 0 [Note] InnoDB: Mutexes and rw_locks use Windows interlocked functions
2020-06-16 19:46:07 0 [Note] InnoDB: Uses event mutexes
2020-06-16 19:46:07 0 [Note] InnoDB: Compressed tables use zlib 1.2.11
2020-06-16 19:46:07 0 [Note] InnoDB: Number of pools: 1
2020-06-16 19:46:07 0 [Note] InnoDB: Using SSE2 crc32 instructions
2020-06-16 19:46:07 0 [Note] InnoDB: Initializing buffer pool, total size = 16M, instances = 1, chunk size = 16M
2020-06-16 19:46:07 0 [Note] InnoDB: Completed initialization of buffer pool
2020-06-16 19:46:08 0 [Note] InnoDB: 128 out of 128 rollback segments are active.
2020-06-16 19:46:08 0 [Note] InnoDB: Creating shared tablespace for temporary tables
2020-06-16 19:46:08 0 [Note] InnoDB: Setting file 'D:\Pierre MESTRE\Desktop\ANDROID\PROJET\mysql\data\ibtmp1' size to 12 MB. Physically writing the file full; Please wait ...
2020-06-16 19:46:08 0 [Note] InnoDB: File 'D:\Pierre MESTRE\Desktop\ANDROID\PROJET\mysql\data\ibtmp1' size is now 12 MB.
2020-06-16 19:46:08 0 [Note] InnoDB: Waiting for purge to start
2020-06-16 19:46:08 0 [Note] InnoDB: 10.4.11 started; log sequence number 300306; transaction id 171
2020-06-16 19:46:08 0 [Note] InnoDB: Loading buffer pool(s) from D:\Pierre MESTRE\Desktop\ANDROID\PROJET\mysql\data\ib_buffer_pool
2020-06-16 19:46:08 0 [Note] Plugin 'FEEDBACK' is disabled.
2020-06-16 19:46:08 0 [Note] Server socket created on IP: '::'.
2020-06-16 19:46:08 0 [ERROR] Can't start server: Bind on TCP/IP port. Got error: 10048: Une seule utilisation de chaque adresse de socket (protocole/adresse réseau/port) est habituellement autorisée.

2020-06-16 19:46:08 0 [ERROR] Do you already have another mysqld server running on port: 3306 ?
2020-06-16 19:46:08 0 [ERROR] Aborting
InnoDB: using atomic writes.
2020-06-16 19:46:12 0 [Note] InnoDB: Mutexes and rw_locks use Windows interlocked functions
2020-06-16 19:46:12 0 [Note] InnoDB: Uses event mutexes
2020-06-16 19:46:12 0 [Note] InnoDB: Compressed tables use zlib 1.2.11
2020-06-16 19:46:12 0 [Note] InnoDB: Number of pools: 1
2020-06-16 19:46:12 0 [Note] InnoDB: Using SSE2 crc32 instructions
2020-06-16 19:46:12 0 [Note] InnoDB: Initializing buffer pool, total size = 16M, instances = 1, chunk size = 16M
2020-06-16 19:46:12 0 [Note] InnoDB: Completed initialization of buffer pool
2020-06-16 19:46:13 0 [Note] InnoDB: 128 out of 128 rollback segments are active.
2020-06-16 19:46:13 0 [Note] InnoDB: Creating shared tablespace for temporary tables
2020-06-16 19:46:13 0 [Note] InnoDB: Setting file 'D:\Pierre MESTRE\Desktop\ANDROID\PROJET\mysql\data\ibtmp1' size to 12 MB. Physically writing the file full; Please wait ...
2020-06-16 19:46:13 0 [Note] InnoDB: File 'D:\Pierre MESTRE\Desktop\ANDROID\PROJET\mysql\data\ibtmp1' size is now 12 MB.
2020-06-16 19:46:13 0 [Note] InnoDB: Waiting for purge to start
2020-06-16 19:46:13 0 [Note] InnoDB: 10.4.11 started; log sequence number 300315; transaction id 171
2020-06-16 19:46:13 0 [Note] InnoDB: Loading buffer pool(s) from D:\Pierre MESTRE\Desktop\ANDROID\PROJET\mysql\data\ib_buffer_pool
2020-06-16 19:46:13 0 [Note] Plugin 'FEEDBACK' is disabled.
2020-06-16 19:46:13 0 [Note] Server socket created on IP: '::'.
2020-06-16 19:46:13 0 [ERROR] Can't start server: Bind on TCP/IP port. Got error: 10048: Une seule utilisation de chaque adresse de socket (protocole/adresse réseau/port) est habituellement autorisée.

2020-06-16 19:46:13 0 [ERROR] Do you already have another mysqld server running on port: 3306 ?
2020-06-16 19:46:13 0 [ERROR] Aborting
InnoDB: using atomic writes.
2020-06-16 19:46:38 0 [Note] InnoDB: Mutexes and rw_locks use Windows interlocked functions
2020-06-16 19:46:38 0 [Note] InnoDB: Uses event mutexes
2020-06-16 19:46:38 0 [Note] InnoDB: Compressed tables use zlib 1.2.11
2020-06-16 19:46:38 0 [Note] InnoDB: Number of pools: 1
2020-06-16 19:46:38 0 [Note] InnoDB: Using SSE2 crc32 instructions
2020-06-16 19:46:38 0 [Note] InnoDB: Initializing buffer pool, total size = 16M, instances = 1, chunk size = 16M
2020-06-16 19:46:38 0 [Note] InnoDB: Completed initialization of buffer pool
2020-06-16 19:46:39 0 [Note] InnoDB: 128 out of 128 rollback segments are active.
2020-06-16 19:46:39 0 [Note] InnoDB: Creating shared tablespace for temporary tables
2020-06-16 19:46:39 0 [Note] InnoDB: Setting file 'D:\Pierre MESTRE\Desktop\ANDROID\PROJET\mysql\data\ibtmp1' size to 12 MB. Physically writing the file full; Please wait ...
2020-06-16 19:46:39 0 [Note] InnoDB: File 'D:\Pierre MESTRE\Desktop\ANDROID\PROJET\mysql\data\ibtmp1' size is now 12 MB.
2020-06-16 19:46:39 0 [Note] InnoDB: Waiting for purge to start
2020-06-16 19:46:39 0 [Note] InnoDB: 10.4.11 started; log sequence number 300324; transaction id 171
2020-06-16 19:46:39 0 [Note] InnoDB: Loading buffer pool(s) from D:\Pierre MESTRE\Desktop\ANDROID\PROJET\mysql\data\ib_buffer_pool
2020-06-16 19:46:39 0 [Note] Plugin 'FEEDBACK' is disabled.
2020-06-16 19:46:39 0 [Note] Server socket created on IP: '::'.
2020-06-16 19:46:39 0 [ERROR] Can't start server: Bind on TCP/IP port. Got error: 10048: Une seule utilisation de chaque adresse de socket (protocole/adresse réseau/port) est habituellement autorisée.

2020-06-16 19:46:39 0 [ERROR] Do you already have another mysqld server running on port: 3306 ?
2020-06-16 19:46:39 0 [ERROR] Aborting
