::1 - - [16/Jun/2020:13:26:00 +0200] "GET / HTTP/1.1" 302 - "-" "Mozilla/5.0 (Windows NT 10.0; Win64; x64) AppleWebKit/537.36 (KHTML, like Gecko) Chrome/83.0.4103.97 Safari/537.36"
::1 - - [16/Jun/2020:13:26:00 +0200] "GET /dashboard/ HTTP/1.1" 200 7576 "-" "Mozilla/5.0 (Windows NT 10.0; Win64; x64) AppleWebKit/537.36 (KHTML, like Gecko) Chrome/83.0.4103.97 Safari/537.36"
::1 - - [16/Jun/2020:13:26:00 +0200] "GET /dashboard/stylesheets/normalize.css HTTP/1.1" 200 6876 "http://localhost/dashboard/" "Mozilla/5.0 (Windows NT 10.0; Win64; x64) AppleWebKit/537.36 (KHTML, like Gecko) Chrome/83.0.4103.97 Safari/537.36"
::1 - - [16/Jun/2020:13:26:00 +0200] "GET /dashboard/stylesheets/all.css HTTP/1.1" 200 481698 "http://localhost/dashboard/" "Mozilla/5.0 (Windows NT 10.0; Win64; x64) AppleWebKit/537.36 (KHTML, like Gecko) Chrome/83.0.4103.97 Safari/537.36"
::1 - - [16/Jun/2020:13:26:00 +0200] "GET /dashboard/javascripts/modernizr.js HTTP/1.1" 200 51365 "http://localhost/dashboard/" "Mozilla/5.0 (Windows NT 10.0; Win64; x64) AppleWebKit/537.36 (KHTML, like Gecko) Chrome/83.0.4103.97 Safari/537.36"
::1 - - [16/Jun/2020:13:26:00 +0200] "GET /dashboard/javascripts/all.js HTTP/1.1" 200 188385 "http://localhost/dashboard/" "Mozilla/5.0 (Windows NT 10.0; Win64; x64) AppleWebKit/537.36 (KHTML, like Gecko) Chrome/83.0.4103.97 Safari/537.36"
::1 - - [16/Jun/2020:13:26:00 +0200] "GET /dashboard/images/bitnami-xampp.png HTTP/1.1" 200 22133 "http://localhost/dashboard/" "Mozilla/5.0 (Windows NT 10.0; Win64; x64) AppleWebKit/537.36 (KHTML, like Gecko) Chrome/83.0.4103.97 Safari/537.36"
::1 - - [16/Jun/2020:13:26:00 +0200] "GET /dashboard/images/xampp-logo.svg HTTP/1.1" 200 5427 "http://localhost/dashboard/" "Mozilla/5.0 (Windows NT 10.0; Win64; x64) AppleWebKit/537.36 (KHTML, like Gecko) Chrome/83.0.4103.97 Safari/537.36"
::1 - - [16/Jun/2020:13:26:00 +0200] "GET /dashboard/images/fastly-logo.png HTTP/1.1" 200 1770 "http://localhost/dashboard/" "Mozilla/5.0 (Windows NT 10.0; Win64; x64) AppleWebKit/537.36 (KHTML, like Gecko) Chrome/83.0.4103.97 Safari/537.36"
::1 - - [16/Jun/2020:13:26:00 +0200] "GET /dashboard/images/social-icons@2x.png HTTP/1.1" 200 5360 "http://localhost/dashboard/stylesheets/all.css" "Mozilla/5.0 (Windows NT 10.0; Win64; x64) AppleWebKit/537.36 (KHTML, like Gecko) Chrome/83.0.4103.97 Safari/537.36"
::1 - - [16/Jun/2020:13:26:01 +0200] "GET /dashboard/images/favicon.png HTTP/1.1" 200 2508 "http://localhost/dashboard/" "Mozilla/5.0 (Windows NT 10.0; Win64; x64) AppleWebKit/537.36 (KHTML, like Gecko) Chrome/83.0.4103.97 Safari/537.36"
::1 - - [16/Jun/2020:13:26:13 +0200] "GET /phpmyadmin/themes/pmahomme/jquery/jquery-ui.css HTTP/1.1" 200 36566 "-" "Mozilla/5.0 (Windows NT 10.0; Win64; x64) AppleWebKit/537.36 (KHTML, like Gecko) Chrome/83.0.4103.97 Safari/537.36"
::1 - - [16/Jun/2020:13:26:13 +0200] "GET /phpmyadmin/js/vendor/jquery/jquery.min.js?v=5.0.2 HTTP/1.1" 200 88145 "-" "Mozilla/5.0 (Windows NT 10.0; Win64; x64) AppleWebKit/537.36 (KHTML, like Gecko) Chrome/83.0.4103.97 Safari/537.36"
::1 - - [16/Jun/2020:13:26:13 +0200] "GET /phpmyadmin/js/vendor/jquery/jquery-migrate.js?v=5.0.2 HTTP/1.1" 200 19092 "-" "Mozilla/5.0 (Windows NT 10.0; Win64; x64) AppleWebKit/537.36 (KHTML, like Gecko) Chrome/83.0.4103.97 Safari/537.36"
::1 - - [16/Jun/2020:13:26:13 +0200] "GET /phpmyadmin/js/vendor/codemirror/lib/codemirror.css?v=5.0.2 HTTP/1.1" 200 8705 "-" "Mozilla/5.0 (Windows NT 10.0; Win64; x64) AppleWebKit/537.36 (KHTML, like Gecko) Chrome/83.0.4103.97 Safari/537.36"
::1 - - [16/Jun/2020:13:26:13 +0200] "GET /phpmyadmin/js/vendor/codemirror/addon/hint/show-hint.css?v=5.0.2 HTTP/1.1" 200 623 "-" "Mozilla/5.0 (Windows NT 10.0; Win64; x64) AppleWebKit/537.36 (KHTML, like Gecko) Chrome/83.0.4103.97 Safari/537.36"
::1 - - [16/Jun/2020:13:26:13 +0200] "GET /phpmyadmin/js/vendor/sprintf.js?v=5.0.2 HTTP/1.1" 200 7387 "-" "Mozilla/5.0 (Windows NT 10.0; Win64; x64) AppleWebKit/537.36 (KHTML, like Gecko) Chrome/83.0.4103.97 Safari/537.36"
::1 - - [16/Jun/2020:13:26:13 +0200] "GET /phpmyadmin/js/ajax.js?v=5.0.2 HTTP/1.1" 200 36837 "-" "Mozilla/5.0 (Windows NT 10.0; Win64; x64) AppleWebKit/537.36 (KHTML, like Gecko) Chrome/83.0.4103.97 Safari/537.36"
::1 - - [16/Jun/2020:13:26:13 +0200] "GET /phpmyadmin/js/keyhandler.js?v=5.0.2 HTTP/1.1" 200 3337 "-" "Mozilla/5.0 (Windows NT 10.0; Win64; x64) AppleWebKit/537.36 (KHTML, like Gecko) Chrome/83.0.4103.97 Safari/537.36"
::1 - - [16/Jun/2020:13:26:13 +0200] "GET /phpmyadmin/js/vendor/bootstrap/bootstrap.bundle.min.js?v=5.0.2 HTTP/1.1" 200 78635 "-" "Mozilla/5.0 (Windows NT 10.0; Win64; x64) AppleWebKit/537.36 (KHTML, like Gecko) Chrome/83.0.4103.97 Safari/537.36"
::1 - - [16/Jun/2020:13:26:13 +0200] "GET /phpmyadmin/js/vendor/jquery/jquery-ui.min.js?v=5.0.2 HTTP/1.1" 200 253681 "-" "Mozilla/5.0 (Windows NT 10.0; Win64; x64) AppleWebKit/537.36 (KHTML, like Gecko) Chrome/83.0.4103.97 Safari/537.36"
::1 - - [16/Jun/2020:13:26:13 +0200] "GET /phpmyadmin/js/vendor/js.cookie.js?v=5.0.2 HTTP/1.1" 200 3883 "-" "Mozilla/5.0 (Windows NT 10.0; Win64; x64) AppleWebKit/537.36 (KHTML, like Gecko) Chrome/83.0.4103.97 Safari/537.36"
::1 - - [16/Jun/2020:13:26:13 +0200] "GET /phpmyadmin/js/vendor/codemirror/addon/lint/lint.css?v=5.0.2 HTTP/1.1" 200 2999 "-" "Mozilla/5.0 (Windows NT 10.0; Win64; x64) AppleWebKit/537.36 (KHTML, like Gecko) Chrome/83.0.4103.97 Safari/537.36"
::1 - - [16/Jun/2020:13:26:13 +0200] "GET /phpmyadmin/js/vendor/jquery/jquery.mousewheel.js?v=5.0.2 HTTP/1.1" 200 8267 "-" "Mozilla/5.0 (Windows NT 10.0; Win64; x64) AppleWebKit/537.36 (KHTML, like Gecko) Chrome/83.0.4103.97 Safari/537.36"
::1 - - [16/Jun/2020:13:26:13 +0200] "GET /phpmyadmin/js/vendor/jquery/jquery.event.drag-2.2.js?v=5.0.2 HTTP/1.1" 200 12826 "-" "Mozilla/5.0 (Windows NT 10.0; Win64; x64) AppleWebKit/537.36 (KHTML, like Gecko) Chrome/83.0.4103.97 Safari/537.36"
::1 - - [16/Jun/2020:13:26:13 +0200] "GET /phpmyadmin/js/vendor/jquery/jquery.validate.js?v=5.0.2 HTTP/1.1" 200 50690 "-" "Mozilla/5.0 (Windows NT 10.0; Win64; x64) AppleWebKit/537.36 (KHTML, like Gecko) Chrome/83.0.4103.97 Safari/537.36"
::1 - - [16/Jun/2020:13:26:13 +0200] "GET /phpmyadmin/themes/pmahomme/css/theme.css?v=5.0.2&nocache=6188364140ltr&server=1 HTTP/1.1" 200 100397 "-" "Mozilla/5.0 (Windows NT 10.0; Win64; x64) AppleWebKit/537.36 (KHTML, like Gecko) Chrome/83.0.4103.97 Safari/537.36"
::1 - - [16/Jun/2020:13:26:10 +0200] "GET /phpmyadmin/ HTTP/1.1" 200 15336 "http://localhost/dashboard/" "Mozilla/5.0 (Windows NT 10.0; Win64; x64) AppleWebKit/537.36 (KHTML, like Gecko) Chrome/83.0.4103.97 Safari/537.36"
::1 - - [16/Jun/2020:13:26:13 +0200] "GET /phpmyadmin/js/vendor/jquery/jquery-ui-timepicker-addon.js?v=5.0.2 HTTP/1.1" 200 78475 "-" "Mozilla/5.0 (Windows NT 10.0; Win64; x64) AppleWebKit/537.36 (KHTML, like Gecko) Chrome/83.0.4103.97 Safari/537.36"
::1 - - [16/Jun/2020:13:26:13 +0200] "GET /phpmyadmin/js/menu_resizer.js?v=5.0.2 HTTP/1.1" 200 8276 "-" "Mozilla/5.0 (Windows NT 10.0; Win64; x64) AppleWebKit/537.36 (KHTML, like Gecko) Chrome/83.0.4103.97 Safari/537.36"
::1 - - [16/Jun/2020:13:26:13 +0200] "GET /phpmyadmin/js/cross_framing_protection.js?v=5.0.2 HTTP/1.1" 200 465 "-" "Mozilla/5.0 (Windows NT 10.0; Win64; x64) AppleWebKit/537.36 (KHTML, like Gecko) Chrome/83.0.4103.97 Safari/537.36"
::1 - - [16/Jun/2020:13:26:14 +0200] "GET /phpmyadmin/js/rte.js?v=5.0.2 HTTP/1.1" 200 48093 "-" "Mozilla/5.0 (Windows NT 10.0; Win64; x64) AppleWebKit/537.36 (KHTML, like Gecko) Chrome/83.0.4103.97 Safari/537.36"
::1 - - [16/Jun/2020:13:26:14 +0200] "GET /phpmyadmin/js/error_report.js?v=5.0.2 HTTP/1.1" 200 10882 "-" "Mozilla/5.0 (Windows NT 10.0; Win64; x64) AppleWebKit/537.36 (KHTML, like Gecko) Chrome/83.0.4103.97 Safari/537.36"
::1 - - [16/Jun/2020:13:26:13 +0200] "GET /phpmyadmin/js/vendor/jquery/jquery.debounce-1.0.5.js?v=5.0.2 HTTP/1.1" 200 1169 "-" "Mozilla/5.0 (Windows NT 10.0; Win64; x64) AppleWebKit/537.36 (KHTML, like Gecko) Chrome/83.0.4103.97 Safari/537.36"
::1 - - [16/Jun/2020:13:26:13 +0200] "GET /phpmyadmin/js/vendor/jquery/jquery.ba-hashchange-1.3.js?v=5.0.2 HTTP/1.1" 200 16522 "-" "Mozilla/5.0 (Windows NT 10.0; Win64; x64) AppleWebKit/537.36 (KHTML, like Gecko) Chrome/83.0.4103.97 Safari/537.36"
::1 - - [16/Jun/2020:13:26:14 +0200] "GET /phpmyadmin/js/vendor/tracekit.js?v=5.0.2 HTTP/1.1" 200 45389 "-" "Mozilla/5.0 (Windows NT 10.0; Win64; x64) AppleWebKit/537.36 (KHTML, like Gecko) Chrome/83.0.4103.97 Safari/537.36"
::1 - - [16/Jun/2020:13:26:14 +0200] "GET /phpmyadmin/js/config.js?v=5.0.2 HTTP/1.1" 200 27402 "-" "Mozilla/5.0 (Windows NT 10.0; Win64; x64) AppleWebKit/537.36 (KHTML, like Gecko) Chrome/83.0.4103.97 Safari/537.36"
::1 - - [16/Jun/2020:13:26:14 +0200] "GET /phpmyadmin/js/doclinks.js?v=5.0.2 HTTP/1.1" 200 18970 "-" "Mozilla/5.0 (Windows NT 10.0; Win64; x64) AppleWebKit/537.36 (KHTML, like Gecko) Chrome/83.0.4103.97 Safari/537.36"
::1 - - [16/Jun/2020:13:26:14 +0200] "GET /phpmyadmin/js/navigation.js?v=5.0.2 HTTP/1.1" 200 62743 "-" "Mozilla/5.0 (Windows NT 10.0; Win64; x64) AppleWebKit/537.36 (KHTML, like Gecko) Chrome/83.0.4103.97 Safari/537.36"
::1 - - [16/Jun/2020:13:26:14 +0200] "GET /phpmyadmin/js/functions.js?v=5.0.2 HTTP/1.1" 200 177939 "-" "Mozilla/5.0 (Windows NT 10.0; Win64; x64) AppleWebKit/537.36 (KHTML, like Gecko) Chrome/83.0.4103.97 Safari/537.36"
::1 - - [16/Jun/2020:13:26:14 +0200] "GET /phpmyadmin/js/common.js?v=5.0.2 HTTP/1.1" 200 4662 "-" "Mozilla/5.0 (Windows NT 10.0; Win64; x64) AppleWebKit/537.36 (KHTML, like Gecko) Chrome/83.0.4103.97 Safari/537.36"
::1 - - [16/Jun/2020:13:26:14 +0200] "GET /phpmyadmin/js/indexes.js?v=5.0.2 HTTP/1.1" 200 29379 "-" "Mozilla/5.0 (Windows NT 10.0; Win64; x64) AppleWebKit/537.36 (KHTML, like Gecko) Chrome/83.0.4103.97 Safari/537.36"
::1 - - [16/Jun/2020:13:26:14 +0200] "GET /phpmyadmin/js/page_settings.js?v=5.0.2 HTTP/1.1" 200 1746 "-" "Mozilla/5.0 (Windows NT 10.0; Win64; x64) AppleWebKit/537.36 (KHTML, like Gecko) Chrome/83.0.4103.97 Safari/537.36"
::1 - - [16/Jun/2020:13:26:14 +0200] "GET /phpmyadmin/js/shortcuts_handler.js?v=5.0.2 HTTP/1.1" 200 3835 "-" "Mozilla/5.0 (Windows NT 10.0; Win64; x64) AppleWebKit/537.36 (KHTML, like Gecko) Chrome/83.0.4103.97 Safari/537.36"
::1 - - [16/Jun/2020:13:26:14 +0200] "GET /phpmyadmin/js/drag_drop_import.js?v=5.0.2 HTTP/1.1" 200 14528 "-" "Mozilla/5.0 (Windows NT 10.0; Win64; x64) AppleWebKit/537.36 (KHTML, like Gecko) Chrome/83.0.4103.97 Safari/537.36"
::1 - - [16/Jun/2020:13:26:14 +0200] "GET /phpmyadmin/js/vendor/codemirror/mode/sql/sql.js?v=5.0.2 HTTP/1.1" 200 47451 "-" "Mozilla/5.0 (Windows NT 10.0; Win64; x64) AppleWebKit/537.36 (KHTML, like Gecko) Chrome/83.0.4103.97 Safari/537.36"
::1 - - [16/Jun/2020:13:26:14 +0200] "GET /phpmyadmin/js/vendor/codemirror/lib/codemirror.js?v=5.0.2 HTTP/1.1" 200 395660 "-" "Mozilla/5.0 (Windows NT 10.0; Win64; x64) AppleWebKit/537.36 (KHTML, like Gecko) Chrome/83.0.4103.97 Safari/537.36"
::1 - - [16/Jun/2020:13:26:14 +0200] "GET /phpmyadmin/js/vendor/codemirror/addon/runmode/runmode.js?v=5.0.2 HTTP/1.1" 200 2500 "-" "Mozilla/5.0 (Windows NT 10.0; Win64; x64) AppleWebKit/537.36 (KHTML, like Gecko) Chrome/83.0.4103.97 Safari/537.36"
::1 - - [16/Jun/2020:13:26:14 +0200] "GET /phpmyadmin/js/vendor/codemirror/addon/hint/show-hint.js?v=5.0.2 HTTP/1.1" 200 17378 "-" "Mozilla/5.0 (Windows NT 10.0; Win64; x64) AppleWebKit/537.36 (KHTML, like Gecko) Chrome/83.0.4103.97 Safari/537.36"
::1 - - [16/Jun/2020:13:26:14 +0200] "GET /phpmyadmin/js/vendor/codemirror/addon/hint/sql-hint.js?v=5.0.2 HTTP/1.1" 200 9599 "-" "Mozilla/5.0 (Windows NT 10.0; Win64; x64) AppleWebKit/537.36 (KHTML, like Gecko) Chrome/83.0.4103.97 Safari/537.36"
::1 - - [16/Jun/2020:13:26:14 +0200] "GET /phpmyadmin/js/vendor/codemirror/addon/lint/lint.js?v=5.0.2 HTTP/1.1" 200 8610 "-" "Mozilla/5.0 (Windows NT 10.0; Win64; x64) AppleWebKit/537.36 (KHTML, like Gecko) Chrome/83.0.4103.97 Safari/537.36"
::1 - - [16/Jun/2020:13:26:14 +0200] "GET /phpmyadmin/js/codemirror/addon/lint/sql-lint.js?v=5.0.2 HTTP/1.1" 200 1156 "-" "Mozilla/5.0 (Windows NT 10.0; Win64; x64) AppleWebKit/537.36 (KHTML, like Gecko) Chrome/83.0.4103.97 Safari/537.36"
::1 - - [16/Jun/2020:13:26:14 +0200] "GET /phpmyadmin/js/console.js?v=5.0.2 HTTP/1.1" 200 57024 "-" "Mozilla/5.0 (Windows NT 10.0; Win64; x64) AppleWebKit/537.36 (KHTML, like Gecko) Chrome/83.0.4103.97 Safari/537.36"
::1 - - [16/Jun/2020:13:26:13 +0200] "GET /phpmyadmin/js/whitelist.php?v=5.0.2&lang=fr HTTP/1.1" 200 478 "-" "Mozilla/5.0 (Windows NT 10.0; Win64; x64) AppleWebKit/537.36 (KHTML, like Gecko) Chrome/83.0.4103.97 Safari/537.36"
::1 - - [16/Jun/2020:13:26:14 +0200] "GET /phpmyadmin/js/messages.php?l=fr&v=5.0.2&lang=fr HTTP/1.1" 200 10018 "-" "Mozilla/5.0 (Windows NT 10.0; Win64; x64) AppleWebKit/537.36 (KHTML, like Gecko) Chrome/83.0.4103.97 Safari/537.36"
::1 - - [16/Jun/2020:13:26:14 +0200] "GET /phpmyadmin/themes/pmahomme/img/logo_left.png HTTP/1.1" 200 2713 "-" "Mozilla/5.0 (Windows NT 10.0; Win64; x64) AppleWebKit/537.36 (KHTML, like Gecko) Chrome/83.0.4103.97 Safari/537.36"
::1 - - [16/Jun/2020:13:26:14 +0200] "GET /phpmyadmin/themes/dot.gif HTTP/1.1" 200 43 "-" "Mozilla/5.0 (Windows NT 10.0; Win64; x64) AppleWebKit/537.36 (KHTML, like Gecko) Chrome/83.0.4103.97 Safari/537.36"
::1 - - [16/Jun/2020:13:26:14 +0200] "GET /phpmyadmin/themes/pmahomme/css/printview.css?v=5.0.2 HTTP/1.1" 200 1455 "-" "Mozilla/5.0 (Windows NT 10.0; Win64; x64) AppleWebKit/537.36 (KHTML, like Gecko) Chrome/83.0.4103.97 Safari/537.36"
::1 - - [16/Jun/2020:13:26:14 +0200] "GET /phpmyadmin/themes/pmahomme/img/left_nav_bg.png HTTP/1.1" 200 146 "http://localhost/phpmyadmin/themes/pmahomme/css/theme.css?v=5.0.2&nocache=6188364140ltr&server=1" "Mozilla/5.0 (Windows NT 10.0; Win64; x64) AppleWebKit/537.36 (KHTML, like Gecko) Chrome/83.0.4103.97 Safari/537.36"
::1 - - [16/Jun/2020:13:26:14 +0200] "GET /phpmyadmin/themes/pmahomme/img/b_home.png HTTP/1.1" 200 734 "http://localhost/phpmyadmin/themes/pmahomme/css/theme.css?v=5.0.2&nocache=6188364140ltr&server=1" "Mozilla/5.0 (Windows NT 10.0; Win64; x64) AppleWebKit/537.36 (KHTML, like Gecko) Chrome/83.0.4103.97 Safari/537.36"
::1 - - [16/Jun/2020:13:26:14 +0200] "GET /phpmyadmin/themes/pmahomme/img/s_loggoff.png HTTP/1.1" 200 626 "http://localhost/phpmyadmin/themes/pmahomme/css/theme.css?v=5.0.2&nocache=6188364140ltr&server=1" "Mozilla/5.0 (Windows NT 10.0; Win64; x64) AppleWebKit/537.36 (KHTML, like Gecko) Chrome/83.0.4103.97 Safari/537.36"
::1 - - [16/Jun/2020:13:26:14 +0200] "GET /phpmyadmin/themes/pmahomme/img/b_docs.png HTTP/1.1" 200 705 "http://localhost/phpmyadmin/themes/pmahomme/css/theme.css?v=5.0.2&nocache=6188364140ltr&server=1" "Mozilla/5.0 (Windows NT 10.0; Win64; x64) AppleWebKit/537.36 (KHTML, like Gecko) Chrome/83.0.4103.97 Safari/537.36"
::1 - - [16/Jun/2020:13:26:14 +0200] "GET /phpmyadmin/themes/pmahomme/img/b_sqlhelp.png HTTP/1.1" 200 512 "http://localhost/phpmyadmin/themes/pmahomme/css/theme.css?v=5.0.2&nocache=6188364140ltr&server=1" "Mozilla/5.0 (Windows NT 10.0; Win64; x64) AppleWebKit/537.36 (KHTML, like Gecko) Chrome/83.0.4103.97 Safari/537.36"
::1 - - [16/Jun/2020:13:26:14 +0200] "GET /phpmyadmin/themes/pmahomme/img/s_cog.png HTTP/1.1" 200 442 "http://localhost/phpmyadmin/themes/pmahomme/css/theme.css?v=5.0.2&nocache=6188364140ltr&server=1" "Mozilla/5.0 (Windows NT 10.0; Win64; x64) AppleWebKit/537.36 (KHTML, like Gecko) Chrome/83.0.4103.97 Safari/537.36"
::1 - - [16/Jun/2020:13:26:14 +0200] "GET /phpmyadmin/themes/pmahomme/img/s_db.png HTTP/1.1" 200 328 "http://localhost/phpmyadmin/themes/pmahomme/css/theme.css?v=5.0.2&nocache=6188364140ltr&server=1" "Mozilla/5.0 (Windows NT 10.0; Win64; x64) AppleWebKit/537.36 (KHTML, like Gecko) Chrome/83.0.4103.97 Safari/537.36"
::1 - - [16/Jun/2020:13:26:14 +0200] "GET /phpmyadmin/themes/pmahomme/img/b_newdb.png HTTP/1.1" 200 585 "http://localhost/phpmyadmin/themes/pmahomme/css/theme.css?v=5.0.2&nocache=6188364140ltr&server=1" "Mozilla/5.0 (Windows NT 10.0; Win64; x64) AppleWebKit/537.36 (KHTML, like Gecko) Chrome/83.0.4103.97 Safari/537.36"
::1 - - [16/Jun/2020:13:26:14 +0200] "GET /phpmyadmin/themes/pmahomme/img/s_reload.png HTTP/1.1" 200 527 "http://localhost/phpmyadmin/themes/pmahomme/css/theme.css?v=5.0.2&nocache=6188364140ltr&server=1" "Mozilla/5.0 (Windows NT 10.0; Win64; x64) AppleWebKit/537.36 (KHTML, like Gecko) Chrome/83.0.4103.97 Safari/537.36"
::1 - - [16/Jun/2020:13:26:14 +0200] "GET /phpmyadmin/themes/pmahomme/img/s_link.png HTTP/1.1" 200 280 "http://localhost/phpmyadmin/themes/pmahomme/css/theme.css?v=5.0.2&nocache=6188364140ltr&server=1" "Mozilla/5.0 (Windows NT 10.0; Win64; x64) AppleWebKit/537.36 (KHTML, like Gecko) Chrome/83.0.4103.97 Safari/537.36"
::1 - - [16/Jun/2020:13:26:14 +0200] "GET /phpmyadmin/themes/pmahomme/img/b_plus.png HTTP/1.1" 200 143 "http://localhost/phpmyadmin/themes/pmahomme/css/theme.css?v=5.0.2&nocache=6188364140ltr&server=1" "Mozilla/5.0 (Windows NT 10.0; Win64; x64) AppleWebKit/537.36 (KHTML, like Gecko) Chrome/83.0.4103.97 Safari/537.36"
::1 - - [16/Jun/2020:13:26:14 +0200] "GET /phpmyadmin/themes/pmahomme/img/ajax_clock_small.gif HTTP/1.1" 200 1810 "http://localhost/phpmyadmin/themes/pmahomme/css/theme.css?v=5.0.2&nocache=6188364140ltr&server=1" "Mozilla/5.0 (Windows NT 10.0; Win64; x64) AppleWebKit/537.36 (KHTML, like Gecko) Chrome/83.0.4103.97 Safari/537.36"
::1 - - [16/Jun/2020:13:26:15 +0200] "GET /phpmyadmin/themes/pmahomme/img/s_host.png HTTP/1.1" 200 591 "http://localhost/phpmyadmin/themes/pmahomme/css/theme.css?v=5.0.2&nocache=6188364140ltr&server=1" "Mozilla/5.0 (Windows NT 10.0; Win64; x64) AppleWebKit/537.36 (KHTML, like Gecko) Chrome/83.0.4103.97 Safari/537.36"
::1 - - [16/Jun/2020:13:26:15 +0200] "GET /phpmyadmin/themes/pmahomme/img/b_sql.png HTTP/1.1" 200 680 "http://localhost/phpmyadmin/themes/pmahomme/css/theme.css?v=5.0.2&nocache=6188364140ltr&server=1" "Mozilla/5.0 (Windows NT 10.0; Win64; x64) AppleWebKit/537.36 (KHTML, like Gecko) Chrome/83.0.4103.97 Safari/537.36"
::1 - - [16/Jun/2020:13:26:15 +0200] "GET /phpmyadmin/themes/pmahomme/img/s_status.png HTTP/1.1" 200 600 "http://localhost/phpmyadmin/themes/pmahomme/css/theme.css?v=5.0.2&nocache=6188364140ltr&server=1" "Mozilla/5.0 (Windows NT 10.0; Win64; x64) AppleWebKit/537.36 (KHTML, like Gecko) Chrome/83.0.4103.97 Safari/537.36"
::1 - - [16/Jun/2020:13:26:15 +0200] "GET /phpmyadmin/themes/pmahomme/img/s_rights.png HTTP/1.1" 200 461 "http://localhost/phpmyadmin/themes/pmahomme/css/theme.css?v=5.0.2&nocache=6188364140ltr&server=1" "Mozilla/5.0 (Windows NT 10.0; Win64; x64) AppleWebKit/537.36 (KHTML, like Gecko) Chrome/83.0.4103.97 Safari/537.36"
::1 - - [16/Jun/2020:13:26:15 +0200] "GET /phpmyadmin/themes/pmahomme/img/b_export.png HTTP/1.1" 200 514 "http://localhost/phpmyadmin/themes/pmahomme/css/theme.css?v=5.0.2&nocache=6188364140ltr&server=1" "Mozilla/5.0 (Windows NT 10.0; Win64; x64) AppleWebKit/537.36 (KHTML, like Gecko) Chrome/83.0.4103.97 Safari/537.36"
::1 - - [16/Jun/2020:13:26:15 +0200] "GET /phpmyadmin/themes/pmahomme/img/b_import.png HTTP/1.1" 200 556 "http://localhost/phpmyadmin/themes/pmahomme/css/theme.css?v=5.0.2&nocache=6188364140ltr&server=1" "Mozilla/5.0 (Windows NT 10.0; Win64; x64) AppleWebKit/537.36 (KHTML, like Gecko) Chrome/83.0.4103.97 Safari/537.36"
::1 - - [16/Jun/2020:13:26:15 +0200] "GET /phpmyadmin/themes/pmahomme/img/b_tblops.png HTTP/1.1" 200 537 "http://localhost/phpmyadmin/themes/pmahomme/css/theme.css?v=5.0.2&nocache=6188364140ltr&server=1" "Mozilla/5.0 (Windows NT 10.0; Win64; x64) AppleWebKit/537.36 (KHTML, like Gecko) Chrome/83.0.4103.97 Safari/537.36"
::1 - - [16/Jun/2020:13:26:15 +0200] "GET /phpmyadmin/themes/pmahomme/img/s_asci.png HTTP/1.1" 200 148 "http://localhost/phpmyadmin/themes/pmahomme/css/theme.css?v=5.0.2&nocache=6188364140ltr&server=1" "Mozilla/5.0 (Windows NT 10.0; Win64; x64) AppleWebKit/537.36 (KHTML, like Gecko) Chrome/83.0.4103.97 Safari/537.36"
::1 - - [16/Jun/2020:13:26:15 +0200] "GET /phpmyadmin/themes/pmahomme/img/s_vars.png HTTP/1.1" 200 523 "http://localhost/phpmyadmin/themes/pmahomme/css/theme.css?v=5.0.2&nocache=6188364140ltr&server=1" "Mozilla/5.0 (Windows NT 10.0; Win64; x64) AppleWebKit/537.36 (KHTML, like Gecko) Chrome/83.0.4103.97 Safari/537.36"
::1 - - [16/Jun/2020:13:26:15 +0200] "GET /phpmyadmin/themes/pmahomme/img/s_replication.png HTTP/1.1" 200 399 "http://localhost/phpmyadmin/themes/pmahomme/css/theme.css?v=5.0.2&nocache=6188364140ltr&server=1" "Mozilla/5.0 (Windows NT 10.0; Win64; x64) AppleWebKit/537.36 (KHTML, like Gecko) Chrome/83.0.4103.97 Safari/537.36"
::1 - - [16/Jun/2020:13:26:15 +0200] "GET /phpmyadmin/themes/pmahomme/img/b_engine.png HTTP/1.1" 200 398 "http://localhost/phpmyadmin/themes/pmahomme/css/theme.css?v=5.0.2&nocache=6188364140ltr&server=1" "Mozilla/5.0 (Windows NT 10.0; Win64; x64) AppleWebKit/537.36 (KHTML, like Gecko) Chrome/83.0.4103.97 Safari/537.36"
::1 - - [16/Jun/2020:13:26:15 +0200] "GET /phpmyadmin/themes/pmahomme/img/b_plugin.png HTTP/1.1" 200 512 "http://localhost/phpmyadmin/themes/pmahomme/css/theme.css?v=5.0.2&nocache=6188364140ltr&server=1" "Mozilla/5.0 (Windows NT 10.0; Win64; x64) AppleWebKit/537.36 (KHTML, like Gecko) Chrome/83.0.4103.97 Safari/537.36"
::1 - - [16/Jun/2020:13:26:15 +0200] "GET /phpmyadmin/themes/pmahomme/img/s_top.png HTTP/1.1" 200 220 "http://localhost/phpmyadmin/themes/pmahomme/css/theme.css?v=5.0.2&nocache=6188364140ltr&server=1" "Mozilla/5.0 (Windows NT 10.0; Win64; x64) AppleWebKit/537.36 (KHTML, like Gecko) Chrome/83.0.4103.97 Safari/537.36"
::1 - - [16/Jun/2020:13:26:15 +0200] "GET /phpmyadmin/themes/pmahomme/img/console.png HTTP/1.1" 200 292 "http://localhost/phpmyadmin/themes/pmahomme/css/theme.css?v=5.0.2&nocache=6188364140ltr&server=1" "Mozilla/5.0 (Windows NT 10.0; Win64; x64) AppleWebKit/537.36 (KHTML, like Gecko) Chrome/83.0.4103.97 Safari/537.36"
::1 - - [16/Jun/2020:13:26:15 +0200] "GET /phpmyadmin/themes/pmahomme/img/b_help.png HTTP/1.1" 200 705 "http://localhost/phpmyadmin/themes/pmahomme/css/theme.css?v=5.0.2&nocache=6188364140ltr&server=1" "Mozilla/5.0 (Windows NT 10.0; Win64; x64) AppleWebKit/537.36 (KHTML, like Gecko) Chrome/83.0.4103.97 Safari/537.36"
::1 - - [16/Jun/2020:13:26:15 +0200] "GET /phpmyadmin/themes/pmahomme/img/s_lang.png HTTP/1.1" 200 659 "http://localhost/phpmyadmin/themes/pmahomme/css/theme.css?v=5.0.2&nocache=6188364140ltr&server=1" "Mozilla/5.0 (Windows NT 10.0; Win64; x64) AppleWebKit/537.36 (KHTML, like Gecko) Chrome/83.0.4103.97 Safari/537.36"
::1 - - [16/Jun/2020:13:26:15 +0200] "GET /phpmyadmin/themes/pmahomme/img/s_theme.png HTTP/1.1" 200 772 "http://localhost/phpmyadmin/themes/pmahomme/css/theme.css?v=5.0.2&nocache=6188364140ltr&server=1" "Mozilla/5.0 (Windows NT 10.0; Win64; x64) AppleWebKit/537.36 (KHTML, like Gecko) Chrome/83.0.4103.97 Safari/537.36"
::1 - - [16/Jun/2020:13:26:15 +0200] "GET /phpmyadmin/themes/pmahomme/img/window-new.png HTTP/1.1" 200 468 "http://localhost/phpmyadmin/themes/pmahomme/css/theme.css?v=5.0.2&nocache=6188364140ltr&server=1" "Mozilla/5.0 (Windows NT 10.0; Win64; x64) AppleWebKit/537.36 (KHTML, like Gecko) Chrome/83.0.4103.97 Safari/537.36"
::1 - - [16/Jun/2020:13:26:15 +0200] "POST /phpmyadmin/ajax.php HTTP/1.1" 200 1469 "-" "Mozilla/5.0 (Windows NT 10.0; Win64; x64) AppleWebKit/537.36 (KHTML, like Gecko) Chrome/83.0.4103.97 Safari/537.36"
::1 - - [16/Jun/2020:13:26:15 +0200] "GET /phpmyadmin/themes/pmahomme/img/b_more.png HTTP/1.1" 200 111 "http://localhost/phpmyadmin/themes/pmahomme/css/theme.css?v=5.0.2&nocache=6188364140ltr&server=1" "Mozilla/5.0 (Windows NT 10.0; Win64; x64) AppleWebKit/537.36 (KHTML, like Gecko) Chrome/83.0.4103.97 Safari/537.36"
::1 - - [16/Jun/2020:13:26:15 +0200] "POST /phpmyadmin/navigation.php?ajax_request=1&lang=fr HTTP/1.1" 200 2194 "-" "Mozilla/5.0 (Windows NT 10.0; Win64; x64) AppleWebKit/537.36 (KHTML, like Gecko) Chrome/83.0.4103.97 Safari/537.36"
::1 - - [16/Jun/2020:13:26:16 +0200] "POST /phpmyadmin/ajax.php HTTP/1.1" 200 1565 "-" "Mozilla/5.0 (Windows NT 10.0; Win64; x64) AppleWebKit/537.36 (KHTML, like Gecko) Chrome/83.0.4103.97 Safari/537.36"
::1 - - [16/Jun/2020:13:26:16 +0200] "GET /phpmyadmin/favicon.ico HTTP/1.1" 200 22486 "-" "Mozilla/5.0 (Windows NT 10.0; Win64; x64) AppleWebKit/537.36 (KHTML, like Gecko) Chrome/83.0.4103.97 Safari/537.36"
::1 - - [16/Jun/2020:13:26:16 +0200] "POST /phpmyadmin/ajax.php HTTP/1.1" 200 1460 "-" "Mozilla/5.0 (Windows NT 10.0; Win64; x64) AppleWebKit/537.36 (KHTML, like Gecko) Chrome/83.0.4103.97 Safari/537.36"
::1 - - [16/Jun/2020:13:26:16 +0200] "POST /phpmyadmin/version_check.php HTTP/1.1" 200 64 "-" "Mozilla/5.0 (Windows NT 10.0; Win64; x64) AppleWebKit/537.36 (KHTML, like Gecko) Chrome/83.0.4103.97 Safari/537.36"
::1 - - [16/Jun/2020:13:26:16 +0200] "POST /phpmyadmin/db_structure.php?ajax_request=1&favorite_table=1&sync_favorite_tables=1&lang=fr HTTP/1.1" 200 155 "-" "Mozilla/5.0 (Windows NT 10.0; Win64; x64) AppleWebKit/537.36 (KHTML, like Gecko) Chrome/83.0.4103.97 Safari/537.36"
::1 - - [16/Jun/2020:13:26:28 +0200] "GET /phpmyadmin/navigation.php?ajax_request=1&lang=fr&aPath=cm9vdA%3D%3D.dGVzdA%3D%3D&vPath=cm9vdA%3D%3D.dGVzdA%3D%3D&pos=0&pos2_name=&pos2_value=&searchClause=&searchClause2=&_nocache=1592306788311998174&token=3443713f7372274d35746b5855594073 HTTP/1.1" 200 1493 "-" "Mozilla/5.0 (Windows NT 10.0; Win64; x64) AppleWebKit/537.36 (KHTML, like Gecko) Chrome/83.0.4103.97 Safari/537.36"
::1 - - [16/Jun/2020:13:26:28 +0200] "GET /phpmyadmin/themes/pmahomme/img/b_minus.png HTTP/1.1" 200 123 "http://localhost/phpmyadmin/themes/pmahomme/css/theme.css?v=5.0.2&nocache=6188364140ltr&server=1" "Mozilla/5.0 (Windows NT 10.0; Win64; x64) AppleWebKit/537.36 (KHTML, like Gecko) Chrome/83.0.4103.97 Safari/537.36"
::1 - - [16/Jun/2020:13:26:33 +0200] "GET /phpmyadmin/navigation.php?ajax_request=1&lang=fr&aPath=cm9vdA%3D%3D.cGhwbXlhZG1pbg%3D%3D&vPath=cm9vdA%3D%3D.cGhwbXlhZG1pbg%3D%3D&pos=0&pos2_name=&pos2_value=&searchClause=&searchClause2=&_nocache=1592306793530592440&token=3443713f7372274d35746b5855594073 HTTP/1.1" 200 2770 "-" "Mozilla/5.0 (Windows NT 10.0; Win64; x64) AppleWebKit/537.36 (KHTML, like Gecko) Chrome/83.0.4103.97 Safari/537.36"
::1 - - [16/Jun/2020:13:26:33 +0200] "GET /phpmyadmin/themes/pmahomme/img/b_table_add.png HTTP/1.1" 200 571 "http://localhost/phpmyadmin/themes/pmahomme/css/theme.css?v=5.0.2&nocache=6188364140ltr&server=1" "Mozilla/5.0 (Windows NT 10.0; Win64; x64) AppleWebKit/537.36 (KHTML, like Gecko) Chrome/83.0.4103.97 Safari/537.36"
::1 - - [16/Jun/2020:13:26:33 +0200] "GET /phpmyadmin/themes/pmahomme/img/b_props.png HTTP/1.1" 200 573 "http://localhost/phpmyadmin/themes/pmahomme/css/theme.css?v=5.0.2&nocache=6188364140ltr&server=1" "Mozilla/5.0 (Windows NT 10.0; Win64; x64) AppleWebKit/537.36 (KHTML, like Gecko) Chrome/83.0.4103.97 Safari/537.36"
::1 - - [16/Jun/2020:13:26:33 +0200] "GET /phpmyadmin/themes/pmahomme/img/hide.png HTTP/1.1" 200 284 "http://localhost/phpmyadmin/themes/pmahomme/css/theme.css?v=5.0.2&nocache=6188364140ltr&server=1" "Mozilla/5.0 (Windows NT 10.0; Win64; x64) AppleWebKit/537.36 (KHTML, like Gecko) Chrome/83.0.4103.97 Safari/537.36"
::1 - - [16/Jun/2020:13:26:37 +0200] "GET /phpmyadmin/index.php?lang=fr&ajax_request=true&ajax_page_request=true&_nocache=1592306797530373528&token=3443713f7372274d35746b5855594073 HTTP/1.1" 200 8323 "-" "Mozilla/5.0 (Windows NT 10.0; Win64; x64) AppleWebKit/537.36 (KHTML, like Gecko) Chrome/83.0.4103.97 Safari/537.36"
::1 - - [16/Jun/2020:13:26:38 +0200] "POST /phpmyadmin/version_check.php HTTP/1.1" 200 64 "-" "Mozilla/5.0 (Windows NT 10.0; Win64; x64) AppleWebKit/537.36 (KHTML, like Gecko) Chrome/83.0.4103.97 Safari/537.36"
::1 - - [16/Jun/2020:13:26:38 +0200] "POST /phpmyadmin/db_structure.php?ajax_request=1&favorite_table=1&sync_favorite_tables=1 HTTP/1.1" 200 155 "-" "Mozilla/5.0 (Windows NT 10.0; Win64; x64) AppleWebKit/537.36 (KHTML, like Gecko) Chrome/83.0.4103.97 Safari/537.36"
::1 - - [16/Jun/2020:13:50:34 +0200] "POST /phpmyadmin/index.php HTTP/1.1" 200 1460 "-" "Mozilla/5.0 (Windows NT 10.0; Win64; x64) AppleWebKit/537.36 (KHTML, like Gecko) Chrome/83.0.4103.97 Safari/537.36"
::1 - - [16/Jun/2020:13:50:41 +0200] "GET / HTTP/1.1" 302 - "-" "Mozilla/5.0 (Windows NT 10.0; Win64; x64) AppleWebKit/537.36 (KHTML, like Gecko) Chrome/83.0.4103.97 Safari/537.36"
::1 - - [16/Jun/2020:13:50:43 +0200] "GET /phpmyadmin/ HTTP/1.1" 200 15263 "http://localhost/dashboard/" "Mozilla/5.0 (Windows NT 10.0; Win64; x64) AppleWebKit/537.36 (KHTML, like Gecko) Chrome/83.0.4103.97 Safari/537.36"
::1 - - [16/Jun/2020:13:50:44 +0200] "GET /phpmyadmin/themes/pmahomme/css/theme.css?v=5.0.2&nocache=6209005887ltr&server=1 HTTP/1.1" 200 100397 "-" "Mozilla/5.0 (Windows NT 10.0; Win64; x64) AppleWebKit/537.36 (KHTML, like Gecko) Chrome/83.0.4103.97 Safari/537.36"
::1 - - [16/Jun/2020:13:50:44 +0200] "GET /phpmyadmin/js/whitelist.php?v=5.0.2 HTTP/1.1" 200 478 "-" "Mozilla/5.0 (Windows NT 10.0; Win64; x64) AppleWebKit/537.36 (KHTML, like Gecko) Chrome/83.0.4103.97 Safari/537.36"
::1 - - [16/Jun/2020:13:50:44 +0200] "GET /phpmyadmin/js/messages.php?l=fr&v=5.0.2 HTTP/1.1" 200 10018 "-" "Mozilla/5.0 (Windows NT 10.0; Win64; x64) AppleWebKit/537.36 (KHTML, like Gecko) Chrome/83.0.4103.97 Safari/537.36"
::1 - - [16/Jun/2020:13:50:44 +0200] "POST /phpmyadmin/ajax.php HTTP/1.1" 200 1469 "-" "Mozilla/5.0 (Windows NT 10.0; Win64; x64) AppleWebKit/537.36 (KHTML, like Gecko) Chrome/83.0.4103.97 Safari/537.36"
::1 - - [16/Jun/2020:13:50:45 +0200] "POST /phpmyadmin/navigation.php?ajax_request=1 HTTP/1.1" 200 2194 "-" "Mozilla/5.0 (Windows NT 10.0; Win64; x64) AppleWebKit/537.36 (KHTML, like Gecko) Chrome/83.0.4103.97 Safari/537.36"
::1 - - [16/Jun/2020:13:50:45 +0200] "POST /phpmyadmin/ajax.php HTTP/1.1" 200 1565 "-" "Mozilla/5.0 (Windows NT 10.0; Win64; x64) AppleWebKit/537.36 (KHTML, like Gecko) Chrome/83.0.4103.97 Safari/537.36"
::1 - - [16/Jun/2020:13:50:45 +0200] "POST /phpmyadmin/ajax.php HTTP/1.1" 200 1460 "-" "Mozilla/5.0 (Windows NT 10.0; Win64; x64) AppleWebKit/537.36 (KHTML, like Gecko) Chrome/83.0.4103.97 Safari/537.36"
::1 - - [16/Jun/2020:13:50:45 +0200] "POST /phpmyadmin/version_check.php HTTP/1.1" 200 64 "-" "Mozilla/5.0 (Windows NT 10.0; Win64; x64) AppleWebKit/537.36 (KHTML, like Gecko) Chrome/83.0.4103.97 Safari/537.36"
::1 - - [16/Jun/2020:13:50:45 +0200] "POST /phpmyadmin/db_structure.php?ajax_request=1&favorite_table=1&sync_favorite_tables=1 HTTP/1.1" 200 155 "-" "Mozilla/5.0 (Windows NT 10.0; Win64; x64) AppleWebKit/537.36 (KHTML, like Gecko) Chrome/83.0.4103.97 Safari/537.36"
::1 - - [16/Jun/2020:13:50:51 +0200] "GET /phpmyadmin/navigation.php?ajax_request=1&aPath=cm9vdA%3D%3D.bXlzcWw%3D&vPath=cm9vdA%3D%3D.bXlzcWw%3D&pos=0&pos2_name=&pos2_value=&searchClause=&searchClause2=&_nocache=1592308251686807950&token=3443713f7372274d35746b5855594073 HTTP/1.1" 200 2246 "-" "Mozilla/5.0 (Windows NT 10.0; Win64; x64) AppleWebKit/537.36 (KHTML, like Gecko) Chrome/83.0.4103.97 Safari/537.36"
::1 - - [16/Jun/2020:13:50:51 +0200] "GET /phpmyadmin/themes/pmahomme/img/b_browse.png HTTP/1.1" 200 486 "http://localhost/phpmyadmin/themes/pmahomme/css/theme.css?v=5.0.2&nocache=6209005887ltr&server=1" "Mozilla/5.0 (Windows NT 10.0; Win64; x64) AppleWebKit/537.36 (KHTML, like Gecko) Chrome/83.0.4103.97 Safari/537.36"
::1 - - [16/Jun/2020:13:50:51 +0200] "GET /phpmyadmin/themes/pmahomme/img/b_views.png HTTP/1.1" 200 603 "http://localhost/phpmyadmin/themes/pmahomme/css/theme.css?v=5.0.2&nocache=6209005887ltr&server=1" "Mozilla/5.0 (Windows NT 10.0; Win64; x64) AppleWebKit/537.36 (KHTML, like Gecko) Chrome/83.0.4103.97 Safari/537.36"
::1 - - [16/Jun/2020:13:50:53 +0200] "GET /phpmyadmin/navigation.php?ajax_request=1&aPath=cm9vdA%3D%3D.bXlzcWw%3D.dGFibGVz&vPath=cm9vdA%3D%3D.bXlzcWw%3D.VGFibGVz&pos=0&pos2_name=tables&pos2_value=0&searchClause=&searchClause2=&_nocache=1592308253288353335&token=3443713f7372274d35746b5855594073 HTTP/1.1" 200 3375 "-" "Mozilla/5.0 (Windows NT 10.0; Win64; x64) AppleWebKit/537.36 (KHTML, like Gecko) Chrome/83.0.4103.97 Safari/537.36"
::1 - - [16/Jun/2020:13:50:56 +0200] "GET /phpmyadmin/navigation.php?ajax_request=1&aPath=cm9vdA%3D%3D.bXlzcWw%3D.dmlld3M%3D&vPath=cm9vdA%3D%3D.bXlzcWw%3D.VnVlcw%3D%3D&pos=0&pos2_name=views&pos2_value=0&searchClause=&searchClause2=&_nocache=1592308256215736891&token=3443713f7372274d35746b5855594073 HTTP/1.1" 200 1797 "-" "Mozilla/5.0 (Windows NT 10.0; Win64; x64) AppleWebKit/537.36 (KHTML, like Gecko) Chrome/83.0.4103.97 Safari/537.36"
::1 - - [16/Jun/2020:13:50:56 +0200] "GET /phpmyadmin/themes/pmahomme/img/b_view_add.png HTTP/1.1" 200 678 "http://localhost/phpmyadmin/themes/pmahomme/css/theme.css?v=5.0.2&nocache=6209005887ltr&server=1" "Mozilla/5.0 (Windows NT 10.0; Win64; x64) AppleWebKit/537.36 (KHTML, like Gecko) Chrome/83.0.4103.97 Safari/537.36"
::1 - - [16/Jun/2020:13:51:01 +0200] "GET /phpmyadmin/navigation.php?ajax_request=1&aPath=cm9vdA%3D%3D.cGhwbXlhZG1pbg%3D%3D&vPath=cm9vdA%3D%3D.cGhwbXlhZG1pbg%3D%3D&pos=0&pos2_name=&pos2_value=&searchClause=&searchClause2=&_nocache=1592308261280219888&token=3443713f7372274d35746b5855594073 HTTP/1.1" 200 2770 "-" "Mozilla/5.0 (Windows NT 10.0; Win64; x64) AppleWebKit/537.36 (KHTML, like Gecko) Chrome/83.0.4103.97 Safari/537.36"
::1 - - [16/Jun/2020:13:51:06 +0200] "POST /phpmyadmin/ajax.php HTTP/1.1" 200 1460 "-" "Mozilla/5.0 (Windows NT 10.0; Win64; x64) AppleWebKit/537.36 (KHTML, like Gecko) Chrome/83.0.4103.97 Safari/537.36"
::1 - - [16/Jun/2020:13:51:08 +0200] "POST /phpmyadmin/ajax.php HTTP/1.1" 200 1460 "-" "Mozilla/5.0 (Windows NT 10.0; Win64; x64) AppleWebKit/537.36 (KHTML, like Gecko) Chrome/83.0.4103.97 Safari/537.36"
::1 - - [16/Jun/2020:13:51:10 +0200] "POST /phpmyadmin/ajax.php HTTP/1.1" 200 1460 "-" "Mozilla/5.0 (Windows NT 10.0; Win64; x64) AppleWebKit/537.36 (KHTML, like Gecko) Chrome/83.0.4103.97 Safari/537.36"
::1 - - [16/Jun/2020:13:51:12 +0200] "POST /phpmyadmin/db_sql_autocomplete.php HTTP/1.1" 200 1464 "-" "Mozilla/5.0 (Windows NT 10.0; Win64; x64) AppleWebKit/537.36 (KHTML, like Gecko) Chrome/83.0.4103.97 Safari/537.36"
::1 - - [16/Jun/2020:13:51:13 +0200] "POST /phpmyadmin/lint.php HTTP/1.1" 200 149 "-" "Mozilla/5.0 (Windows NT 10.0; Win64; x64) AppleWebKit/537.36 (KHTML, like Gecko) Chrome/83.0.4103.97 Safari/537.36"
::1 - - [16/Jun/2020:13:51:15 +0200] "POST /phpmyadmin/lint.php HTTP/1.1" 200 143 "-" "Mozilla/5.0 (Windows NT 10.0; Win64; x64) AppleWebKit/537.36 (KHTML, like Gecko) Chrome/83.0.4103.97 Safari/537.36"
::1 - - [16/Jun/2020:13:51:16 +0200] "POST /phpmyadmin/lint.php HTTP/1.1" 200 28 "-" "Mozilla/5.0 (Windows NT 10.0; Win64; x64) AppleWebKit/537.36 (KHTML, like Gecko) Chrome/83.0.4103.97 Safari/537.36"
::1 - - [16/Jun/2020:13:51:18 +0200] "POST /phpmyadmin/lint.php HTTP/1.1" 200 143 "-" "Mozilla/5.0 (Windows NT 10.0; Win64; x64) AppleWebKit/537.36 (KHTML, like Gecko) Chrome/83.0.4103.97 Safari/537.36"
::1 - - [16/Jun/2020:13:51:19 +0200] "POST /phpmyadmin/lint.php HTTP/1.1" 200 143 "-" "Mozilla/5.0 (Windows NT 10.0; Win64; x64) AppleWebKit/537.36 (KHTML, like Gecko) Chrome/83.0.4103.97 Safari/537.36"
::1 - - [16/Jun/2020:13:51:20 +0200] "POST /phpmyadmin/lint.php HTTP/1.1" 200 143 "-" "Mozilla/5.0 (Windows NT 10.0; Win64; x64) AppleWebKit/537.36 (KHTML, like Gecko) Chrome/83.0.4103.97 Safari/537.36"
::1 - - [16/Jun/2020:13:51:22 +0200] "POST /phpmyadmin/lint.php HTTP/1.1" 200 143 "-" "Mozilla/5.0 (Windows NT 10.0; Win64; x64) AppleWebKit/537.36 (KHTML, like Gecko) Chrome/83.0.4103.97 Safari/537.36"
::1 - - [16/Jun/2020:13:51:32 +0200] "POST /phpmyadmin/lint.php HTTP/1.1" 200 28 "-" "Mozilla/5.0 (Windows NT 10.0; Win64; x64) AppleWebKit/537.36 (KHTML, like Gecko) Chrome/83.0.4103.97 Safari/537.36"
::1 - - [16/Jun/2020:13:51:34 +0200] "POST /phpmyadmin/lint.php HTTP/1.1" 200 28 "-" "Mozilla/5.0 (Windows NT 10.0; Win64; x64) AppleWebKit/537.36 (KHTML, like Gecko) Chrome/83.0.4103.97 Safari/537.36"
::1 - - [16/Jun/2020:13:51:36 +0200] "POST /phpmyadmin/lint.php HTTP/1.1" 200 28 "-" "Mozilla/5.0 (Windows NT 10.0; Win64; x64) AppleWebKit/537.36 (KHTML, like Gecko) Chrome/83.0.4103.97 Safari/537.36"
::1 - - [16/Jun/2020:13:51:36 +0200] "POST /phpmyadmin/import.php HTTP/1.1" 200 462 "-" "Mozilla/5.0 (Windows NT 10.0; Win64; x64) AppleWebKit/537.36 (KHTML, like Gecko) Chrome/83.0.4103.97 Safari/537.36"
::1 - - [16/Jun/2020:13:51:36 +0200] "POST /phpmyadmin/navigation.php?ajax_request=1 HTTP/1.1" 200 4366 "-" "Mozilla/5.0 (Windows NT 10.0; Win64; x64) AppleWebKit/537.36 (KHTML, like Gecko) Chrome/83.0.4103.97 Safari/537.36"
::1 - - [16/Jun/2020:13:51:56 +0200] "GET /phpmyadmin/index.php?ajax_request=true&ajax_page_request=true&_nocache=1592308316828597278&token=3443713f7372274d35746b5855594073 HTTP/1.1" 200 8324 "-" "Mozilla/5.0 (Windows NT 10.0; Win64; x64) AppleWebKit/537.36 (KHTML, like Gecko) Chrome/83.0.4103.97 Safari/537.36"
::1 - - [16/Jun/2020:13:51:57 +0200] "POST /phpmyadmin/version_check.php HTTP/1.1" 200 64 "-" "Mozilla/5.0 (Windows NT 10.0; Win64; x64) AppleWebKit/537.36 (KHTML, like Gecko) Chrome/83.0.4103.97 Safari/537.36"
::1 - - [16/Jun/2020:13:51:57 +0200] "POST /phpmyadmin/db_structure.php?ajax_request=1&favorite_table=1&sync_favorite_tables=1 HTTP/1.1" 200 155 "-" "Mozilla/5.0 (Windows NT 10.0; Win64; x64) AppleWebKit/537.36 (KHTML, like Gecko) Chrome/83.0.4103.97 Safari/537.36"
::1 - - [16/Jun/2020:13:52:03 +0200] "GET /phpmyadmin/server_privileges.php?viewing_mode=server&ajax_request=true&ajax_page_request=true&_nocache=1592308323468861663&token=3443713f7372274d35746b5855594073 HTTP/1.1" 200 3111 "-" "Mozilla/5.0 (Windows NT 10.0; Win64; x64) AppleWebKit/537.36 (KHTML, like Gecko) Chrome/83.0.4103.97 Safari/537.36"
::1 - - [16/Jun/2020:13:52:04 +0200] "GET /phpmyadmin/themes/pmahomme/img/b_usrlist.png HTTP/1.1" 200 677 "http://localhost/phpmyadmin/themes/pmahomme/css/theme.css?v=5.0.2&nocache=6209005887ltr&server=1" "Mozilla/5.0 (Windows NT 10.0; Win64; x64) AppleWebKit/537.36 (KHTML, like Gecko) Chrome/83.0.4103.97 Safari/537.36"
::1 - - [16/Jun/2020:13:52:04 +0200] "GET /phpmyadmin/themes/pmahomme/img/b_usredit.png HTTP/1.1" 200 757 "http://localhost/phpmyadmin/themes/pmahomme/css/theme.css?v=5.0.2&nocache=6209005887ltr&server=1" "Mozilla/5.0 (Windows NT 10.0; Win64; x64) AppleWebKit/537.36 (KHTML, like Gecko) Chrome/83.0.4103.97 Safari/537.36"
::1 - - [16/Jun/2020:13:52:04 +0200] "GET /phpmyadmin/themes/pmahomme/img/b_tblexport.png HTTP/1.1" 200 514 "http://localhost/phpmyadmin/themes/pmahomme/css/theme.css?v=5.0.2&nocache=6209005887ltr&server=1" "Mozilla/5.0 (Windows NT 10.0; Win64; x64) AppleWebKit/537.36 (KHTML, like Gecko) Chrome/83.0.4103.97 Safari/537.36"
::1 - - [16/Jun/2020:13:52:04 +0200] "GET /phpmyadmin/themes/pmahomme/img/b_usradd.png HTTP/1.1" 200 670 "http://localhost/phpmyadmin/themes/pmahomme/css/theme.css?v=5.0.2&nocache=6209005887ltr&server=1" "Mozilla/5.0 (Windows NT 10.0; Win64; x64) AppleWebKit/537.36 (KHTML, like Gecko) Chrome/83.0.4103.97 Safari/537.36"
::1 - - [16/Jun/2020:13:52:04 +0200] "GET /phpmyadmin/themes/pmahomme/img/b_usrdrop.png HTTP/1.1" 200 697 "http://localhost/phpmyadmin/themes/pmahomme/css/theme.css?v=5.0.2&nocache=6209005887ltr&server=1" "Mozilla/5.0 (Windows NT 10.0; Win64; x64) AppleWebKit/537.36 (KHTML, like Gecko) Chrome/83.0.4103.97 Safari/537.36"
::1 - - [16/Jun/2020:13:52:04 +0200] "GET /phpmyadmin/themes/pmahomme/img/s_notice.png HTTP/1.1" 200 567 "http://localhost/phpmyadmin/themes/pmahomme/css/theme.css?v=5.0.2&nocache=6209005887ltr&server=1" "Mozilla/5.0 (Windows NT 10.0; Win64; x64) AppleWebKit/537.36 (KHTML, like Gecko) Chrome/83.0.4103.97 Safari/537.36"
::1 - - [16/Jun/2020:13:52:04 +0200] "GET /phpmyadmin/js/server/privileges.js?v=5.0.2 HTTP/1.1" 200 19243 "-" "Mozilla/5.0 (Windows NT 10.0; Win64; x64) AppleWebKit/537.36 (KHTML, like Gecko) Chrome/83.0.4103.97 Safari/537.36"
::1 - - [16/Jun/2020:13:52:04 +0200] "GET /phpmyadmin/js/vendor/zxcvbn.js?v=5.0.2 HTTP/1.1" 200 821676 "-" "Mozilla/5.0 (Windows NT 10.0; Win64; x64) AppleWebKit/537.36 (KHTML, like Gecko) Chrome/83.0.4103.97 Safari/537.36"
::1 - - [16/Jun/2020:13:52:04 +0200] "GET /phpmyadmin/themes/pmahomme/img/arrow_ltr.png HTTP/1.1" 200 101 "-" "Mozilla/5.0 (Windows NT 10.0; Win64; x64) AppleWebKit/537.36 (KHTML, like Gecko) Chrome/83.0.4103.97 Safari/537.36"
::1 - - [16/Jun/2020:13:52:07 +0200] "GET /phpmyadmin/server_privileges.php?viewing_mode=server&ajax_request=true&ajax_page_request=true&_nocache=1592308327315175743&token=3443713f7372274d35746b5855594073 HTTP/1.1" 200 3111 "-" "Mozilla/5.0 (Windows NT 10.0; Win64; x64) AppleWebKit/537.36 (KHTML, like Gecko) Chrome/83.0.4103.97 Safari/537.36"
::1 - - [16/Jun/2020:13:56:39 +0200] "GET / HTTP/1.1" 200 104 "-" "Mozilla/5.0 (Windows NT 10.0; Win64; x64) AppleWebKit/537.36 (KHTML, like Gecko) Chrome/83.0.4103.97 Safari/537.36"
::1 - - [16/Jun/2020:13:56:40 +0200] "GET /favicon.ico HTTP/1.1" 200 30894 "http://localhost/" "Mozilla/5.0 (Windows NT 10.0; Win64; x64) AppleWebKit/537.36 (KHTML, like Gecko) Chrome/83.0.4103.97 Safari/537.36"
::1 - - [16/Jun/2020:13:56:45 +0200] "GET /index HTTP/1.1" 404 1149 "-" "Mozilla/5.0 (Windows NT 10.0; Win64; x64) AppleWebKit/537.36 (KHTML, like Gecko) Chrome/83.0.4103.97 Safari/537.36"
::1 - - [16/Jun/2020:13:57:20 +0200] "GET / HTTP/1.1" 200 113 "-" "Mozilla/5.0 (Windows NT 10.0; Win64; x64) AppleWebKit/537.36 (KHTML, like Gecko) Chrome/83.0.4103.97 Safari/537.36"
::1 - - [16/Jun/2020:13:57:20 +0200] "GET /favicon.ico HTTP/1.1" 200 30894 "http://localhost/" "Mozilla/5.0 (Windows NT 10.0; Win64; x64) AppleWebKit/537.36 (KHTML, like Gecko) Chrome/83.0.4103.97 Safari/537.36"
::1 - - [16/Jun/2020:14:00:55 +0200] "GET / HTTP/1.1" 200 165 "-" "Mozilla/5.0 (Windows NT 10.0; Win64; x64) AppleWebKit/537.36 (KHTML, like Gecko) Chrome/83.0.4103.97 Safari/537.36"
::1 - - [16/Jun/2020:14:00:55 +0200] "GET /style/index.css HTTP/1.1" 200 33 "http://localhost/" "Mozilla/5.0 (Windows NT 10.0; Win64; x64) AppleWebKit/537.36 (KHTML, like Gecko) Chrome/83.0.4103.97 Safari/537.36"
::1 - - [16/Jun/2020:14:00:55 +0200] "GET /favicon.ico HTTP/1.1" 200 30894 "http://localhost/" "Mozilla/5.0 (Windows NT 10.0; Win64; x64) AppleWebKit/537.36 (KHTML, like Gecko) Chrome/83.0.4103.97 Safari/537.36"
::1 - - [16/Jun/2020:14:23:13 +0200] "POST /phpmyadmin/index.php HTTP/1.1" 200 1462 "-" "Mozilla/5.0 (Windows NT 10.0; Win64; x64) AppleWebKit/537.36 (KHTML, like Gecko) Chrome/83.0.4103.97 Safari/537.36"
::1 - - [16/Jun/2020:14:23:15 +0200] "POST /phpmyadmin/index.php HTTP/1.1" 200 1462 "-" "Mozilla/5.0 (Windows NT 10.0; Win64; x64) AppleWebKit/537.36 (KHTML, like Gecko) Chrome/83.0.4103.97 Safari/537.36"
::1 - - [16/Jun/2020:14:24:17 +0200] "GET / HTTP/1.1" 200 244 "-" "Mozilla/5.0 (Windows NT 10.0; Win64; x64) AppleWebKit/537.36 (KHTML, like Gecko) Chrome/83.0.4103.97 Safari/537.36"
::1 - - [16/Jun/2020:14:24:17 +0200] "GET /CSS/index.css HTTP/1.1" 200 33 "http://localhost/" "Mozilla/5.0 (Windows NT 10.0; Win64; x64) AppleWebKit/537.36 (KHTML, like Gecko) Chrome/83.0.4103.97 Safari/537.36"
::1 - - [16/Jun/2020:14:24:18 +0200] "GET /favicon.ico HTTP/1.1" 200 30894 "http://localhost/" "Mozilla/5.0 (Windows NT 10.0; Win64; x64) AppleWebKit/537.36 (KHTML, like Gecko) Chrome/83.0.4103.97 Safari/537.36"
::1 - - [16/Jun/2020:14:25:29 +0200] "GET / HTTP/1.1" 200 244 "-" "Mozilla/5.0 (Windows NT 10.0; Win64; x64) AppleWebKit/537.36 (KHTML, like Gecko) Chrome/83.0.4103.97 Safari/537.36"
::1 - - [16/Jun/2020:14:25:30 +0200] "GET /favicon.ico HTTP/1.1" 200 30894 "http://localhost/" "Mozilla/5.0 (Windows NT 10.0; Win64; x64) AppleWebKit/537.36 (KHTML, like Gecko) Chrome/83.0.4103.97 Safari/537.36"
::1 - - [16/Jun/2020:14:27:52 +0200] "POST /phpmyadmin/index.php HTTP/1.1" 200 1462 "-" "Mozilla/5.0 (Windows NT 10.0; Win64; x64) AppleWebKit/537.36 (KHTML, like Gecko) Chrome/83.0.4103.97 Safari/537.36"
::1 - - [16/Jun/2020:14:28:01 +0200] "POST /phpmyadmin/index.php HTTP/1.1" 200 1462 "-" "Mozilla/5.0 (Windows NT 10.0; Win64; x64) AppleWebKit/537.36 (KHTML, like Gecko) Chrome/83.0.4103.97 Safari/537.36"
::1 - - [16/Jun/2020:14:28:03 +0200] "POST /phpmyadmin/index.php HTTP/1.1" 200 1462 "-" "Mozilla/5.0 (Windows NT 10.0; Win64; x64) AppleWebKit/537.36 (KHTML, like Gecko) Chrome/83.0.4103.97 Safari/537.36"
::1 - - [16/Jun/2020:14:33:52 +0200] "POST /phpmyadmin/index.php HTTP/1.1" 200 1462 "-" "Mozilla/5.0 (Windows NT 10.0; Win64; x64) AppleWebKit/537.36 (KHTML, like Gecko) Chrome/83.0.4103.97 Safari/537.36"
::1 - - [16/Jun/2020:14:33:54 +0200] "POST /phpmyadmin/index.php HTTP/1.1" 200 1462 "-" "Mozilla/5.0 (Windows NT 10.0; Win64; x64) AppleWebKit/537.36 (KHTML, like Gecko) Chrome/83.0.4103.97 Safari/537.36"
::1 - - [16/Jun/2020:14:33:56 +0200] "POST /phpmyadmin/index.php HTTP/1.1" 200 1462 "-" "Mozilla/5.0 (Windows NT 10.0; Win64; x64) AppleWebKit/537.36 (KHTML, like Gecko) Chrome/83.0.4103.97 Safari/537.36"
::1 - - [16/Jun/2020:14:33:58 +0200] "POST /phpmyadmin/index.php HTTP/1.1" 200 1462 "-" "Mozilla/5.0 (Windows NT 10.0; Win64; x64) AppleWebKit/537.36 (KHTML, like Gecko) Chrome/83.0.4103.97 Safari/537.36"
::1 - - [16/Jun/2020:14:38:57 +0200] "GET / HTTP/1.1" 200 523 "-" "Mozilla/5.0 (Windows NT 10.0; Win64; x64) AppleWebKit/537.36 (KHTML, like Gecko) Chrome/83.0.4103.97 Safari/537.36"
::1 - - [16/Jun/2020:14:38:57 +0200] "GET /JS/index.js HTTP/1.1" 200 644 "http://localhost/" "Mozilla/5.0 (Windows NT 10.0; Win64; x64) AppleWebKit/537.36 (KHTML, like Gecko) Chrome/83.0.4103.97 Safari/537.36"
::1 - - [16/Jun/2020:14:38:57 +0200] "GET /js/ajax.js HTTP/1.1" 404 1301 "http://localhost/" "Mozilla/5.0 (Windows NT 10.0; Win64; x64) AppleWebKit/537.36 (KHTML, like Gecko) Chrome/83.0.4103.97 Safari/537.36"
::1 - - [16/Jun/2020:14:38:57 +0200] "GET /CSS/index.css HTTP/1.1" 304 - "http://localhost/" "Mozilla/5.0 (Windows NT 10.0; Win64; x64) AppleWebKit/537.36 (KHTML, like Gecko) Chrome/83.0.4103.97 Safari/537.36"
::1 - - [16/Jun/2020:14:38:57 +0200] "GET /js/cours.js HTTP/1.1" 404 1301 "http://localhost/" "Mozilla/5.0 (Windows NT 10.0; Win64; x64) AppleWebKit/537.36 (KHTML, like Gecko) Chrome/83.0.4103.97 Safari/537.36"
::1 - - [16/Jun/2020:14:38:57 +0200] "GET /js/ajax.js HTTP/1.1" 404 1301 "http://localhost/" "Mozilla/5.0 (Windows NT 10.0; Win64; x64) AppleWebKit/537.36 (KHTML, like Gecko) Chrome/83.0.4103.97 Safari/537.36"
::1 - - [16/Jun/2020:14:38:57 +0200] "GET /js/cours.js HTTP/1.1" 404 1301 "http://localhost/" "Mozilla/5.0 (Windows NT 10.0; Win64; x64) AppleWebKit/537.36 (KHTML, like Gecko) Chrome/83.0.4103.97 Safari/537.36"
::1 - - [16/Jun/2020:14:38:57 +0200] "GET /favicon.ico HTTP/1.1" 200 30894 "http://localhost/" "Mozilla/5.0 (Windows NT 10.0; Win64; x64) AppleWebKit/537.36 (KHTML, like Gecko) Chrome/83.0.4103.97 Safari/537.36"
::1 - - [16/Jun/2020:14:43:33 +0200] "GET / HTTP/1.1" 200 523 "-" "Mozilla/5.0 (Windows NT 10.0; Win64; x64) AppleWebKit/537.36 (KHTML, like Gecko) Chrome/83.0.4103.97 Safari/537.36"
::1 - - [16/Jun/2020:14:43:33 +0200] "GET /CSS/index.css HTTP/1.1" 304 - "http://localhost/" "Mozilla/5.0 (Windows NT 10.0; Win64; x64) AppleWebKit/537.36 (KHTML, like Gecko) Chrome/83.0.4103.97 Safari/537.36"
::1 - - [16/Jun/2020:14:43:33 +0200] "GET /JS/index.js HTTP/1.1" 304 - "http://localhost/" "Mozilla/5.0 (Windows NT 10.0; Win64; x64) AppleWebKit/537.36 (KHTML, like Gecko) Chrome/83.0.4103.97 Safari/537.36"
::1 - - [16/Jun/2020:14:43:33 +0200] "GET /js/cours.js HTTP/1.1" 404 1301 "http://localhost/" "Mozilla/5.0 (Windows NT 10.0; Win64; x64) AppleWebKit/537.36 (KHTML, like Gecko) Chrome/83.0.4103.97 Safari/537.36"
::1 - - [16/Jun/2020:14:43:33 +0200] "GET /js/ajax.js HTTP/1.1" 404 1301 "http://localhost/" "Mozilla/5.0 (Windows NT 10.0; Win64; x64) AppleWebKit/537.36 (KHTML, like Gecko) Chrome/83.0.4103.97 Safari/537.36"
::1 - - [16/Jun/2020:14:43:33 +0200] "GET /js/cours.js HTTP/1.1" 404 1301 "http://localhost/" "Mozilla/5.0 (Windows NT 10.0; Win64; x64) AppleWebKit/537.36 (KHTML, like Gecko) Chrome/83.0.4103.97 Safari/537.36"
::1 - - [16/Jun/2020:14:43:34 +0200] "GET /favicon.ico HTTP/1.1" 200 30894 "http://localhost/" "Mozilla/5.0 (Windows NT 10.0; Win64; x64) AppleWebKit/537.36 (KHTML, like Gecko) Chrome/83.0.4103.97 Safari/537.36"
127.0.0.1 - - [16/Jun/2020:14:43:48 +0200] "GET / HTTP/1.1" 200 523 "-" "Mozilla/5.0 (Windows NT 10.0; Win64; x64) AppleWebKit/537.36 (KHTML, like Gecko) Chrome/83.0.4103.97 Safari/537.36"
127.0.0.1 - - [16/Jun/2020:14:43:48 +0200] "GET /js/cours.js HTTP/1.1" 404 1301 "http://localhost/" "Mozilla/5.0 (Windows NT 10.0; Win64; x64) AppleWebKit/537.36 (KHTML, like Gecko) Chrome/83.0.4103.97 Safari/537.36"
127.0.0.1 - - [16/Jun/2020:14:43:48 +0200] "GET /js/ajax.js HTTP/1.1" 404 1301 "http://localhost/" "Mozilla/5.0 (Windows NT 10.0; Win64; x64) AppleWebKit/537.36 (KHTML, like Gecko) Chrome/83.0.4103.97 Safari/537.36"
127.0.0.1 - - [16/Jun/2020:14:43:48 +0200] "GET /js/ajax.js HTTP/1.1" 404 1301 "http://localhost/" "Mozilla/5.0 (Windows NT 10.0; Win64; x64) AppleWebKit/537.36 (KHTML, like Gecko) Chrome/83.0.4103.97 Safari/537.36"
127.0.0.1 - - [16/Jun/2020:14:43:48 +0200] "GET /js/cours.js HTTP/1.1" 404 1301 "http://localhost/" "Mozilla/5.0 (Windows NT 10.0; Win64; x64) AppleWebKit/537.36 (KHTML, like Gecko) Chrome/83.0.4103.97 Safari/537.36"
127.0.0.1 - - [16/Jun/2020:14:43:48 +0200] "GET /favicon.ico HTTP/1.1" 200 30894 "http://localhost/" "Mozilla/5.0 (Windows NT 10.0; Win64; x64) AppleWebKit/537.36 (KHTML, like Gecko) Chrome/83.0.4103.97 Safari/537.36"
127.0.0.1 - - [16/Jun/2020:14:43:49 +0200] "GET / HTTP/1.1" 200 523 "-" "Mozilla/5.0 (Windows NT 10.0; Win64; x64) AppleWebKit/537.36 (KHTML, like Gecko) Chrome/83.0.4103.97 Safari/537.36"
127.0.0.1 - - [16/Jun/2020:14:43:50 +0200] "GET /js/ajax.js HTTP/1.1" 404 1301 "http://localhost/" "Mozilla/5.0 (Windows NT 10.0; Win64; x64) AppleWebKit/537.36 (KHTML, like Gecko) Chrome/83.0.4103.97 Safari/537.36"
127.0.0.1 - - [16/Jun/2020:14:43:50 +0200] "GET /js/cours.js HTTP/1.1" 404 1301 "http://localhost/" "Mozilla/5.0 (Windows NT 10.0; Win64; x64) AppleWebKit/537.36 (KHTML, like Gecko) Chrome/83.0.4103.97 Safari/537.36"
127.0.0.1 - - [16/Jun/2020:14:43:50 +0200] "GET /js/ajax.js HTTP/1.1" 404 1301 "http://localhost/" "Mozilla/5.0 (Windows NT 10.0; Win64; x64) AppleWebKit/537.36 (KHTML, like Gecko) Chrome/83.0.4103.97 Safari/537.36"
127.0.0.1 - - [16/Jun/2020:14:43:50 +0200] "GET /js/cours.js HTTP/1.1" 404 1301 "http://localhost/" "Mozilla/5.0 (Windows NT 10.0; Win64; x64) AppleWebKit/537.36 (KHTML, like Gecko) Chrome/83.0.4103.97 Safari/537.36"
127.0.0.1 - - [16/Jun/2020:14:43:50 +0200] "GET /favicon.ico HTTP/1.1" 200 30894 "http://localhost/" "Mozilla/5.0 (Windows NT 10.0; Win64; x64) AppleWebKit/537.36 (KHTML, like Gecko) Chrome/83.0.4103.97 Safari/537.36"
127.0.0.1 - - [16/Jun/2020:14:43:51 +0200] "GET / HTTP/1.1" 200 523 "-" "Mozilla/5.0 (Windows NT 10.0; Win64; x64) AppleWebKit/537.36 (KHTML, like Gecko) Chrome/83.0.4103.97 Safari/537.36"
127.0.0.1 - - [16/Jun/2020:14:43:51 +0200] "GET /js/ajax.js HTTP/1.1" 404 1301 "http://localhost/" "Mozilla/5.0 (Windows NT 10.0; Win64; x64) AppleWebKit/537.36 (KHTML, like Gecko) Chrome/83.0.4103.97 Safari/537.36"
127.0.0.1 - - [16/Jun/2020:14:43:51 +0200] "GET /js/cours.js HTTP/1.1" 404 1301 "http://localhost/" "Mozilla/5.0 (Windows NT 10.0; Win64; x64) AppleWebKit/537.36 (KHTML, like Gecko) Chrome/83.0.4103.97 Safari/537.36"
127.0.0.1 - - [16/Jun/2020:14:43:51 +0200] "GET /favicon.ico HTTP/1.1" 200 30894 "http://localhost/" "Mozilla/5.0 (Windows NT 10.0; Win64; x64) AppleWebKit/537.36 (KHTML, like Gecko) Chrome/83.0.4103.97 Safari/537.36"
::1 - - [16/Jun/2020:14:44:00 +0200] "GET /javascript-web-srv/data HTTP/1.1" 404 1149 "-" "Mozilla/5.0 (Windows NT 10.0; Win64; x64) AppleWebKit/537.36 (KHTML, like Gecko) Chrome/83.0.4103.97 Safari/537.36"
::1 - - [16/Jun/2020:14:49:15 +0200] "GET / HTTP/1.1" 200 523 "-" "Mozilla/5.0 (Windows NT 10.0; Win64; x64) AppleWebKit/537.36 (KHTML, like Gecko) Chrome/83.0.4103.97 Safari/537.36"
::1 - - [16/Jun/2020:14:49:15 +0200] "GET /CSS/index.css HTTP/1.1" 304 - "http://localhost/" "Mozilla/5.0 (Windows NT 10.0; Win64; x64) AppleWebKit/537.36 (KHTML, like Gecko) Chrome/83.0.4103.97 Safari/537.36"
::1 - - [16/Jun/2020:14:49:15 +0200] "GET /JS/index.js HTTP/1.1" 200 789 "http://localhost/" "Mozilla/5.0 (Windows NT 10.0; Win64; x64) AppleWebKit/537.36 (KHTML, like Gecko) Chrome/83.0.4103.97 Safari/537.36"
::1 - - [16/Jun/2020:14:49:15 +0200] "GET /js/cours.js HTTP/1.1" 404 1301 "http://localhost/" "Mozilla/5.0 (Windows NT 10.0; Win64; x64) AppleWebKit/537.36 (KHTML, like Gecko) Chrome/83.0.4103.97 Safari/537.36"
::1 - - [16/Jun/2020:14:49:15 +0200] "GET /js/ajax.js HTTP/1.1" 404 1301 "http://localhost/" "Mozilla/5.0 (Windows NT 10.0; Win64; x64) AppleWebKit/537.36 (KHTML, like Gecko) Chrome/83.0.4103.97 Safari/537.36"
::1 - - [16/Jun/2020:14:49:15 +0200] "GET /js/ajax.js HTTP/1.1" 404 1301 "http://localhost/" "Mozilla/5.0 (Windows NT 10.0; Win64; x64) AppleWebKit/537.36 (KHTML, like Gecko) Chrome/83.0.4103.97 Safari/537.36"
::1 - - [16/Jun/2020:14:49:15 +0200] "GET /js/cours.js HTTP/1.1" 404 1301 "http://localhost/" "Mozilla/5.0 (Windows NT 10.0; Win64; x64) AppleWebKit/537.36 (KHTML, like Gecko) Chrome/83.0.4103.97 Safari/537.36"
::1 - - [16/Jun/2020:14:49:15 +0200] "GET /favicon.ico HTTP/1.1" 200 30894 "http://localhost/" "Mozilla/5.0 (Windows NT 10.0; Win64; x64) AppleWebKit/537.36 (KHTML, like Gecko) Chrome/83.0.4103.97 Safari/537.36"
::1 - - [16/Jun/2020:14:51:42 +0200] "GET / HTTP/1.1" 200 523 "-" "Mozilla/5.0 (Windows NT 10.0; Win64; x64) AppleWebKit/537.36 (KHTML, like Gecko) Chrome/83.0.4103.97 Safari/537.36"
::1 - - [16/Jun/2020:14:51:42 +0200] "GET /JS/index.js HTTP/1.1" 200 854 "http://localhost/" "Mozilla/5.0 (Windows NT 10.0; Win64; x64) AppleWebKit/537.36 (KHTML, like Gecko) Chrome/83.0.4103.97 Safari/537.36"
::1 - - [16/Jun/2020:14:51:42 +0200] "GET /js/ajax.js HTTP/1.1" 404 1301 "http://localhost/" "Mozilla/5.0 (Windows NT 10.0; Win64; x64) AppleWebKit/537.36 (KHTML, like Gecko) Chrome/83.0.4103.97 Safari/537.36"
::1 - - [16/Jun/2020:14:51:42 +0200] "GET /js/cours.js HTTP/1.1" 404 1301 "http://localhost/" "Mozilla/5.0 (Windows NT 10.0; Win64; x64) AppleWebKit/537.36 (KHTML, like Gecko) Chrome/83.0.4103.97 Safari/537.36"
::1 - - [16/Jun/2020:14:51:42 +0200] "GET /js/ajax.js HTTP/1.1" 404 1301 "http://localhost/" "Mozilla/5.0 (Windows NT 10.0; Win64; x64) AppleWebKit/537.36 (KHTML, like Gecko) Chrome/83.0.4103.97 Safari/537.36"
::1 - - [16/Jun/2020:14:51:42 +0200] "GET /js/cours.js HTTP/1.1" 404 1301 "http://localhost/" "Mozilla/5.0 (Windows NT 10.0; Win64; x64) AppleWebKit/537.36 (KHTML, like Gecko) Chrome/83.0.4103.97 Safari/537.36"
::1 - - [16/Jun/2020:14:51:43 +0200] "GET /favicon.ico HTTP/1.1" 200 30894 "http://localhost/" "Mozilla/5.0 (Windows NT 10.0; Win64; x64) AppleWebKit/537.36 (KHTML, like Gecko) Chrome/83.0.4103.97 Safari/537.36"
::1 - - [16/Jun/2020:14:52:03 +0200] "POST /phpmyadmin/index.php HTTP/1.1" 200 1462 "-" "Mozilla/5.0 (Windows NT 10.0; Win64; x64) AppleWebKit/537.36 (KHTML, like Gecko) Chrome/83.0.4103.97 Safari/537.36"
::1 - - [16/Jun/2020:14:52:04 +0200] "GET / HTTP/1.1" 200 534 "-" "Mozilla/5.0 (Windows NT 10.0; Win64; x64) AppleWebKit/537.36 (KHTML, like Gecko) Chrome/83.0.4103.97 Safari/537.36"
::1 - - [16/Jun/2020:14:52:04 +0200] "GET /JS/index.js HTTP/1.1" 200 841 "http://localhost/" "Mozilla/5.0 (Windows NT 10.0; Win64; x64) AppleWebKit/537.36 (KHTML, like Gecko) Chrome/83.0.4103.97 Safari/537.36"
::1 - - [16/Jun/2020:14:52:04 +0200] "GET /js/ajax.js HTTP/1.1" 404 1301 "http://localhost/" "Mozilla/5.0 (Windows NT 10.0; Win64; x64) AppleWebKit/537.36 (KHTML, like Gecko) Chrome/83.0.4103.97 Safari/537.36"
::1 - - [16/Jun/2020:14:52:04 +0200] "GET /js/cours.js HTTP/1.1" 404 1301 "http://localhost/" "Mozilla/5.0 (Windows NT 10.0; Win64; x64) AppleWebKit/537.36 (KHTML, like Gecko) Chrome/83.0.4103.97 Safari/537.36"
::1 - - [16/Jun/2020:14:52:04 +0200] "GET /js/ajax.js HTTP/1.1" 404 1301 "http://localhost/" "Mozilla/5.0 (Windows NT 10.0; Win64; x64) AppleWebKit/537.36 (KHTML, like Gecko) Chrome/83.0.4103.97 Safari/537.36"
::1 - - [16/Jun/2020:14:52:04 +0200] "GET /js/cours.js HTTP/1.1" 404 1301 "http://localhost/" "Mozilla/5.0 (Windows NT 10.0; Win64; x64) AppleWebKit/537.36 (KHTML, like Gecko) Chrome/83.0.4103.97 Safari/537.36"
::1 - - [16/Jun/2020:14:52:04 +0200] "GET /favicon.ico HTTP/1.1" 200 30894 "http://localhost/" "Mozilla/5.0 (Windows NT 10.0; Win64; x64) AppleWebKit/537.36 (KHTML, like Gecko) Chrome/83.0.4103.97 Safari/537.36"
::1 - - [16/Jun/2020:14:52:17 +0200] "GET / HTTP/1.1" 200 535 "-" "Mozilla/5.0 (Windows NT 10.0; Win64; x64) AppleWebKit/537.36 (KHTML, like Gecko) Chrome/83.0.4103.97 Safari/537.36"
::1 - - [16/Jun/2020:14:52:17 +0200] "GET /JS/index.js HTTP/1.1" 304 - "http://localhost/" "Mozilla/5.0 (Windows NT 10.0; Win64; x64) AppleWebKit/537.36 (KHTML, like Gecko) Chrome/83.0.4103.97 Safari/537.36"
::1 - - [16/Jun/2020:14:52:17 +0200] "GET /js/ajax.js HTTP/1.1" 404 1301 "http://localhost/" "Mozilla/5.0 (Windows NT 10.0; Win64; x64) AppleWebKit/537.36 (KHTML, like Gecko) Chrome/83.0.4103.97 Safari/537.36"
::1 - - [16/Jun/2020:14:52:17 +0200] "GET /js/cours.js HTTP/1.1" 404 1301 "http://localhost/" "Mozilla/5.0 (Windows NT 10.0; Win64; x64) AppleWebKit/537.36 (KHTML, like Gecko) Chrome/83.0.4103.97 Safari/537.36"
::1 - - [16/Jun/2020:14:52:17 +0200] "GET /favicon.ico HTTP/1.1" 200 30894 "http://localhost/" "Mozilla/5.0 (Windows NT 10.0; Win64; x64) AppleWebKit/537.36 (KHTML, like Gecko) Chrome/83.0.4103.97 Safari/537.36"
::1 - - [16/Jun/2020:14:52:19 +0200] "GET / HTTP/1.1" 200 535 "-" "Mozilla/5.0 (Windows NT 10.0; Win64; x64) AppleWebKit/537.36 (KHTML, like Gecko) Chrome/83.0.4103.97 Safari/537.36"
::1 - - [16/Jun/2020:14:52:19 +0200] "GET /JS/index.js HTTP/1.1" 304 - "http://localhost/" "Mozilla/5.0 (Windows NT 10.0; Win64; x64) AppleWebKit/537.36 (KHTML, like Gecko) Chrome/83.0.4103.97 Safari/537.36"
::1 - - [16/Jun/2020:14:52:19 +0200] "GET /js/ajax.js HTTP/1.1" 404 1301 "http://localhost/" "Mozilla/5.0 (Windows NT 10.0; Win64; x64) AppleWebKit/537.36 (KHTML, like Gecko) Chrome/83.0.4103.97 Safari/537.36"
::1 - - [16/Jun/2020:14:52:19 +0200] "GET /js/cours.js HTTP/1.1" 404 1301 "http://localhost/" "Mozilla/5.0 (Windows NT 10.0; Win64; x64) AppleWebKit/537.36 (KHTML, like Gecko) Chrome/83.0.4103.97 Safari/537.36"
::1 - - [16/Jun/2020:14:52:19 +0200] "GET /favicon.ico HTTP/1.1" 200 30894 "http://localhost/" "Mozilla/5.0 (Windows NT 10.0; Win64; x64) AppleWebKit/537.36 (KHTML, like Gecko) Chrome/83.0.4103.97 Safari/537.36"
::1 - - [16/Jun/2020:14:52:33 +0200] "GET / HTTP/1.1" 200 535 "-" "Mozilla/5.0 (Windows NT 10.0; Win64; x64) AppleWebKit/537.36 (KHTML, like Gecko) Chrome/83.0.4103.97 Safari/537.36"
::1 - - [16/Jun/2020:14:52:33 +0200] "GET /JS/index.js HTTP/1.1" 200 52 "http://localhost/" "Mozilla/5.0 (Windows NT 10.0; Win64; x64) AppleWebKit/537.36 (KHTML, like Gecko) Chrome/83.0.4103.97 Safari/537.36"
::1 - - [16/Jun/2020:14:52:33 +0200] "GET /js/ajax.js HTTP/1.1" 404 1301 "http://localhost/" "Mozilla/5.0 (Windows NT 10.0; Win64; x64) AppleWebKit/537.36 (KHTML, like Gecko) Chrome/83.0.4103.97 Safari/537.36"
::1 - - [16/Jun/2020:14:52:33 +0200] "GET /js/cours.js HTTP/1.1" 404 1301 "http://localhost/" "Mozilla/5.0 (Windows NT 10.0; Win64; x64) AppleWebKit/537.36 (KHTML, like Gecko) Chrome/83.0.4103.97 Safari/537.36"
::1 - - [16/Jun/2020:14:52:33 +0200] "GET /js/ajax.js HTTP/1.1" 404 1301 "http://localhost/" "Mozilla/5.0 (Windows NT 10.0; Win64; x64) AppleWebKit/537.36 (KHTML, like Gecko) Chrome/83.0.4103.97 Safari/537.36"
::1 - - [16/Jun/2020:14:52:33 +0200] "GET /js/cours.js HTTP/1.1" 404 1301 "http://localhost/" "Mozilla/5.0 (Windows NT 10.0; Win64; x64) AppleWebKit/537.36 (KHTML, like Gecko) Chrome/83.0.4103.97 Safari/537.36"
::1 - - [16/Jun/2020:14:52:33 +0200] "GET /favicon.ico HTTP/1.1" 200 30894 "http://localhost/" "Mozilla/5.0 (Windows NT 10.0; Win64; x64) AppleWebKit/537.36 (KHTML, like Gecko) Chrome/83.0.4103.97 Safari/537.36"
::1 - - [16/Jun/2020:14:52:34 +0200] "GET / HTTP/1.1" 200 535 "-" "Mozilla/5.0 (Windows NT 10.0; Win64; x64) AppleWebKit/537.36 (KHTML, like Gecko) Chrome/83.0.4103.97 Safari/537.36"
::1 - - [16/Jun/2020:14:52:34 +0200] "GET /JS/index.js HTTP/1.1" 304 - "http://localhost/" "Mozilla/5.0 (Windows NT 10.0; Win64; x64) AppleWebKit/537.36 (KHTML, like Gecko) Chrome/83.0.4103.97 Safari/537.36"
::1 - - [16/Jun/2020:14:52:34 +0200] "GET /js/cours.js HTTP/1.1" 404 1301 "http://localhost/" "Mozilla/5.0 (Windows NT 10.0; Win64; x64) AppleWebKit/537.36 (KHTML, like Gecko) Chrome/83.0.4103.97 Safari/537.36"
::1 - - [16/Jun/2020:14:52:34 +0200] "GET /js/ajax.js HTTP/1.1" 404 1301 "http://localhost/" "Mozilla/5.0 (Windows NT 10.0; Win64; x64) AppleWebKit/537.36 (KHTML, like Gecko) Chrome/83.0.4103.97 Safari/537.36"
::1 - - [16/Jun/2020:14:52:34 +0200] "GET /js/cours.js HTTP/1.1" 404 1301 "http://localhost/" "Mozilla/5.0 (Windows NT 10.0; Win64; x64) AppleWebKit/537.36 (KHTML, like Gecko) Chrome/83.0.4103.97 Safari/537.36"
::1 - - [16/Jun/2020:14:52:34 +0200] "GET /favicon.ico HTTP/1.1" 200 30894 "http://localhost/" "Mozilla/5.0 (Windows NT 10.0; Win64; x64) AppleWebKit/537.36 (KHTML, like Gecko) Chrome/83.0.4103.97 Safari/537.36"
::1 - - [16/Jun/2020:14:53:14 +0200] "POST /phpmyadmin/index.php HTTP/1.1" 200 1462 "-" "Mozilla/5.0 (Windows NT 10.0; Win64; x64) AppleWebKit/537.36 (KHTML, like Gecko) Chrome/83.0.4103.97 Safari/537.36"
::1 - - [16/Jun/2020:14:53:20 +0200] "POST /phpmyadmin/index.php HTTP/1.1" 200 1462 "-" "Mozilla/5.0 (Windows NT 10.0; Win64; x64) AppleWebKit/537.36 (KHTML, like Gecko) Chrome/83.0.4103.97 Safari/537.36"
::1 - - [16/Jun/2020:14:53:22 +0200] "POST /phpmyadmin/index.php HTTP/1.1" 200 1462 "-" "Mozilla/5.0 (Windows NT 10.0; Win64; x64) AppleWebKit/537.36 (KHTML, like Gecko) Chrome/83.0.4103.97 Safari/537.36"
::1 - - [16/Jun/2020:14:57:10 +0200] "GET / HTTP/1.1" 200 535 "-" "Mozilla/5.0 (Windows NT 10.0; Win64; x64) AppleWebKit/537.36 (KHTML, like Gecko) Chrome/83.0.4103.97 Safari/537.36"
::1 - - [16/Jun/2020:14:57:10 +0200] "GET /js/cours.js HTTP/1.1" 404 1301 "http://localhost/" "Mozilla/5.0 (Windows NT 10.0; Win64; x64) AppleWebKit/537.36 (KHTML, like Gecko) Chrome/83.0.4103.97 Safari/537.36"
::1 - - [16/Jun/2020:14:57:10 +0200] "GET /CSS/index.css HTTP/1.1" 304 - "http://localhost/" "Mozilla/5.0 (Windows NT 10.0; Win64; x64) AppleWebKit/537.36 (KHTML, like Gecko) Chrome/83.0.4103.97 Safari/537.36"
::1 - - [16/Jun/2020:14:57:10 +0200] "GET /JS/index.js HTTP/1.1" 200 885 "http://localhost/" "Mozilla/5.0 (Windows NT 10.0; Win64; x64) AppleWebKit/537.36 (KHTML, like Gecko) Chrome/83.0.4103.97 Safari/537.36"
::1 - - [16/Jun/2020:14:57:10 +0200] "GET /js/ajax.js HTTP/1.1" 404 1301 "http://localhost/" "Mozilla/5.0 (Windows NT 10.0; Win64; x64) AppleWebKit/537.36 (KHTML, like Gecko) Chrome/83.0.4103.97 Safari/537.36"
::1 - - [16/Jun/2020:14:57:10 +0200] "GET /js/ajax.js HTTP/1.1" 404 1301 "http://localhost/" "Mozilla/5.0 (Windows NT 10.0; Win64; x64) AppleWebKit/537.36 (KHTML, like Gecko) Chrome/83.0.4103.97 Safari/537.36"
::1 - - [16/Jun/2020:14:57:10 +0200] "GET /js/cours.js HTTP/1.1" 404 1301 "http://localhost/" "Mozilla/5.0 (Windows NT 10.0; Win64; x64) AppleWebKit/537.36 (KHTML, like Gecko) Chrome/83.0.4103.97 Safari/537.36"
::1 - - [16/Jun/2020:14:57:11 +0200] "GET /favicon.ico HTTP/1.1" 200 30894 "http://localhost/" "Mozilla/5.0 (Windows NT 10.0; Win64; x64) AppleWebKit/537.36 (KHTML, like Gecko) Chrome/83.0.4103.97 Safari/537.36"
::1 - - [16/Jun/2020:14:57:25 +0200] "GET / HTTP/1.1" 200 630 "-" "Mozilla/5.0 (Windows NT 10.0; Win64; x64) AppleWebKit/537.36 (KHTML, like Gecko) Chrome/83.0.4103.97 Safari/537.36"
::1 - - [16/Jun/2020:14:57:25 +0200] "GET /JS/index.js HTTP/1.1" 304 - "http://localhost/" "Mozilla/5.0 (Windows NT 10.0; Win64; x64) AppleWebKit/537.36 (KHTML, like Gecko) Chrome/83.0.4103.97 Safari/537.36"
::1 - - [16/Jun/2020:14:57:25 +0200] "GET /js/cours.js HTTP/1.1" 404 1301 "http://localhost/" "Mozilla/5.0 (Windows NT 10.0; Win64; x64) AppleWebKit/537.36 (KHTML, like Gecko) Chrome/83.0.4103.97 Safari/537.36"
::1 - - [16/Jun/2020:14:57:25 +0200] "GET /js/ajax.js HTTP/1.1" 404 1301 "http://localhost/" "Mozilla/5.0 (Windows NT 10.0; Win64; x64) AppleWebKit/537.36 (KHTML, like Gecko) Chrome/83.0.4103.97 Safari/537.36"
::1 - - [16/Jun/2020:14:57:25 +0200] "GET /js/cours.js HTTP/1.1" 404 1301 "http://localhost/" "Mozilla/5.0 (Windows NT 10.0; Win64; x64) AppleWebKit/537.36 (KHTML, like Gecko) Chrome/83.0.4103.97 Safari/537.36"
::1 - - [16/Jun/2020:14:57:26 +0200] "GET /favicon.ico HTTP/1.1" 200 30894 "http://localhost/" "Mozilla/5.0 (Windows NT 10.0; Win64; x64) AppleWebKit/537.36 (KHTML, like Gecko) Chrome/83.0.4103.97 Safari/537.36"
::1 - - [16/Jun/2020:14:57:40 +0200] "GET / HTTP/1.1" 200 651 "-" "Mozilla/5.0 (Windows NT 10.0; Win64; x64) AppleWebKit/537.36 (KHTML, like Gecko) Chrome/83.0.4103.97 Safari/537.36"
::1 - - [16/Jun/2020:14:57:40 +0200] "GET /JS/index.js HTTP/1.1" 304 - "http://localhost/" "Mozilla/5.0 (Windows NT 10.0; Win64; x64) AppleWebKit/537.36 (KHTML, like Gecko) Chrome/83.0.4103.97 Safari/537.36"
::1 - - [16/Jun/2020:14:57:40 +0200] "GET /js/cours.js HTTP/1.1" 404 1301 "http://localhost/" "Mozilla/5.0 (Windows NT 10.0; Win64; x64) AppleWebKit/537.36 (KHTML, like Gecko) Chrome/83.0.4103.97 Safari/537.36"
::1 - - [16/Jun/2020:14:57:40 +0200] "GET /js/ajax.js HTTP/1.1" 404 1301 "http://localhost/" "Mozilla/5.0 (Windows NT 10.0; Win64; x64) AppleWebKit/537.36 (KHTML, like Gecko) Chrome/83.0.4103.97 Safari/537.36"
::1 - - [16/Jun/2020:14:57:40 +0200] "GET /js/cours.js HTTP/1.1" 404 1301 "http://localhost/" "Mozilla/5.0 (Windows NT 10.0; Win64; x64) AppleWebKit/537.36 (KHTML, like Gecko) Chrome/83.0.4103.97 Safari/537.36"
::1 - - [16/Jun/2020:14:57:41 +0200] "GET /favicon.ico HTTP/1.1" 200 30894 "http://localhost/" "Mozilla/5.0 (Windows NT 10.0; Win64; x64) AppleWebKit/537.36 (KHTML, like Gecko) Chrome/83.0.4103.97 Safari/537.36"
::1 - - [16/Jun/2020:14:57:58 +0200] "POST /phpmyadmin/index.php HTTP/1.1" 200 1462 "-" "Mozilla/5.0 (Windows NT 10.0; Win64; x64) AppleWebKit/537.36 (KHTML, like Gecko) Chrome/83.0.4103.97 Safari/537.36"
::1 - - [16/Jun/2020:14:58:15 +0200] "POST /phpmyadmin/index.php HTTP/1.1" 200 1462 "-" "Mozilla/5.0 (Windows NT 10.0; Win64; x64) AppleWebKit/537.36 (KHTML, like Gecko) Chrome/83.0.4103.97 Safari/537.36"
::1 - - [16/Jun/2020:14:58:17 +0200] "POST /phpmyadmin/index.php HTTP/1.1" 200 1462 "-" "Mozilla/5.0 (Windows NT 10.0; Win64; x64) AppleWebKit/537.36 (KHTML, like Gecko) Chrome/83.0.4103.97 Safari/537.36"
::1 - - [16/Jun/2020:14:58:38 +0200] "GET / HTTP/1.1" 200 589 "-" "Mozilla/5.0 (Windows NT 10.0; Win64; x64) AppleWebKit/537.36 (KHTML, like Gecko) Chrome/83.0.4103.97 Safari/537.36"
::1 - - [16/Jun/2020:14:58:38 +0200] "GET /js/cours.js HTTP/1.1" 404 1301 "http://localhost/" "Mozilla/5.0 (Windows NT 10.0; Win64; x64) AppleWebKit/537.36 (KHTML, like Gecko) Chrome/83.0.4103.97 Safari/537.36"
::1 - - [16/Jun/2020:14:58:38 +0200] "GET /js/ajax.js HTTP/1.1" 404 1301 "http://localhost/" "Mozilla/5.0 (Windows NT 10.0; Win64; x64) AppleWebKit/537.36 (KHTML, like Gecko) Chrome/83.0.4103.97 Safari/537.36"
::1 - - [16/Jun/2020:14:58:38 +0200] "GET /js/cours.js HTTP/1.1" 404 1301 "http://localhost/" "Mozilla/5.0 (Windows NT 10.0; Win64; x64) AppleWebKit/537.36 (KHTML, like Gecko) Chrome/83.0.4103.97 Safari/537.36"
::1 - - [16/Jun/2020:14:58:39 +0200] "GET /favicon.ico HTTP/1.1" 200 30894 "http://localhost/" "Mozilla/5.0 (Windows NT 10.0; Win64; x64) AppleWebKit/537.36 (KHTML, like Gecko) Chrome/83.0.4103.97 Safari/537.36"
::1 - - [16/Jun/2020:14:59:05 +0200] "GET / HTTP/1.1" 200 606 "-" "Mozilla/5.0 (Windows NT 10.0; Win64; x64) AppleWebKit/537.36 (KHTML, like Gecko) Chrome/83.0.4103.97 Safari/537.36"
::1 - - [16/Jun/2020:14:59:05 +0200] "GET /js/cours.js HTTP/1.1" 404 1301 "http://localhost/" "Mozilla/5.0 (Windows NT 10.0; Win64; x64) AppleWebKit/537.36 (KHTML, like Gecko) Chrome/83.0.4103.97 Safari/537.36"
::1 - - [16/Jun/2020:14:59:05 +0200] "GET /js/ajax.js HTTP/1.1" 404 1301 "http://localhost/" "Mozilla/5.0 (Windows NT 10.0; Win64; x64) AppleWebKit/537.36 (KHTML, like Gecko) Chrome/83.0.4103.97 Safari/537.36"
::1 - - [16/Jun/2020:14:59:05 +0200] "GET /js/cours.js HTTP/1.1" 404 1301 "http://localhost/" "Mozilla/5.0 (Windows NT 10.0; Win64; x64) AppleWebKit/537.36 (KHTML, like Gecko) Chrome/83.0.4103.97 Safari/537.36"
::1 - - [16/Jun/2020:14:59:05 +0200] "GET /favicon.ico HTTP/1.1" 200 30894 "http://localhost/" "Mozilla/5.0 (Windows NT 10.0; Win64; x64) AppleWebKit/537.36 (KHTML, like Gecko) Chrome/83.0.4103.97 Safari/537.36"
::1 - - [16/Jun/2020:14:59:44 +0200] "GET / HTTP/1.1" 200 616 "-" "Mozilla/5.0 (Windows NT 10.0; Win64; x64) AppleWebKit/537.36 (KHTML, like Gecko) Chrome/83.0.4103.97 Safari/537.36"
::1 - - [16/Jun/2020:14:59:44 +0200] "GET /js/cours.js HTTP/1.1" 404 1301 "http://localhost/" "Mozilla/5.0 (Windows NT 10.0; Win64; x64) AppleWebKit/537.36 (KHTML, like Gecko) Chrome/83.0.4103.97 Safari/537.36"
::1 - - [16/Jun/2020:14:59:44 +0200] "GET /js/ajax.js HTTP/1.1" 404 1301 "http://localhost/" "Mozilla/5.0 (Windows NT 10.0; Win64; x64) AppleWebKit/537.36 (KHTML, like Gecko) Chrome/83.0.4103.97 Safari/537.36"
::1 - - [16/Jun/2020:14:59:44 +0200] "GET /js/ajax.js HTTP/1.1" 404 1301 "http://localhost/" "Mozilla/5.0 (Windows NT 10.0; Win64; x64) AppleWebKit/537.36 (KHTML, like Gecko) Chrome/83.0.4103.97 Safari/537.36"
::1 - - [16/Jun/2020:14:59:44 +0200] "GET /js/cours.js HTTP/1.1" 404 1301 "http://localhost/" "Mozilla/5.0 (Windows NT 10.0; Win64; x64) AppleWebKit/537.36 (KHTML, like Gecko) Chrome/83.0.4103.97 Safari/537.36"
::1 - - [16/Jun/2020:14:59:44 +0200] "GET /favicon.ico HTTP/1.1" 200 30894 "http://localhost/" "Mozilla/5.0 (Windows NT 10.0; Win64; x64) AppleWebKit/537.36 (KHTML, like Gecko) Chrome/83.0.4103.97 Safari/537.36"
::1 - - [16/Jun/2020:15:00:57 +0200] "GET / HTTP/1.1" 200 607 "-" "Mozilla/5.0 (Windows NT 10.0; Win64; x64) AppleWebKit/537.36 (KHTML, like Gecko) Chrome/83.0.4103.97 Safari/537.36"
::1 - - [16/Jun/2020:15:00:57 +0200] "GET /js/cours.js HTTP/1.1" 404 1301 "http://localhost/" "Mozilla/5.0 (Windows NT 10.0; Win64; x64) AppleWebKit/537.36 (KHTML, like Gecko) Chrome/83.0.4103.97 Safari/537.36"
::1 - - [16/Jun/2020:15:00:57 +0200] "GET /js/ajax.js HTTP/1.1" 404 1301 "http://localhost/" "Mozilla/5.0 (Windows NT 10.0; Win64; x64) AppleWebKit/537.36 (KHTML, like Gecko) Chrome/83.0.4103.97 Safari/537.36"
::1 - - [16/Jun/2020:15:00:57 +0200] "GET /js/ajax.js HTTP/1.1" 404 1301 "http://localhost/" "Mozilla/5.0 (Windows NT 10.0; Win64; x64) AppleWebKit/537.36 (KHTML, like Gecko) Chrome/83.0.4103.97 Safari/537.36"
::1 - - [16/Jun/2020:15:00:57 +0200] "GET /js/cours.js HTTP/1.1" 404 1301 "http://localhost/" "Mozilla/5.0 (Windows NT 10.0; Win64; x64) AppleWebKit/537.36 (KHTML, like Gecko) Chrome/83.0.4103.97 Safari/537.36"
::1 - - [16/Jun/2020:15:00:58 +0200] "GET /favicon.ico HTTP/1.1" 200 30894 "http://localhost/" "Mozilla/5.0 (Windows NT 10.0; Win64; x64) AppleWebKit/537.36 (KHTML, like Gecko) Chrome/83.0.4103.97 Safari/537.36"
::1 - - [16/Jun/2020:15:02:05 +0200] "GET / HTTP/1.1" 200 565 "-" "Mozilla/5.0 (Windows NT 10.0; Win64; x64) AppleWebKit/537.36 (KHTML, like Gecko) Chrome/83.0.4103.97 Safari/537.36"
::1 - - [16/Jun/2020:15:02:05 +0200] "GET /js/cours.js HTTP/1.1" 404 1301 "http://localhost/" "Mozilla/5.0 (Windows NT 10.0; Win64; x64) AppleWebKit/537.36 (KHTML, like Gecko) Chrome/83.0.4103.97 Safari/537.36"
::1 - - [16/Jun/2020:15:02:05 +0200] "GET /js/ajax.js HTTP/1.1" 404 1301 "http://localhost/" "Mozilla/5.0 (Windows NT 10.0; Win64; x64) AppleWebKit/537.36 (KHTML, like Gecko) Chrome/83.0.4103.97 Safari/537.36"
::1 - - [16/Jun/2020:15:02:06 +0200] "GET /js/cours.js HTTP/1.1" 404 1301 "http://localhost/" "Mozilla/5.0 (Windows NT 10.0; Win64; x64) AppleWebKit/537.36 (KHTML, like Gecko) Chrome/83.0.4103.97 Safari/537.36"
::1 - - [16/Jun/2020:15:02:06 +0200] "GET /favicon.ico HTTP/1.1" 200 30894 "http://localhost/" "Mozilla/5.0 (Windows NT 10.0; Win64; x64) AppleWebKit/537.36 (KHTML, like Gecko) Chrome/83.0.4103.97 Safari/537.36"
::1 - - [16/Jun/2020:15:02:43 +0200] "GET / HTTP/1.1" 200 531 "-" "Mozilla/5.0 (Windows NT 10.0; Win64; x64) AppleWebKit/537.36 (KHTML, like Gecko) Chrome/83.0.4103.97 Safari/537.36"
::1 - - [16/Jun/2020:15:02:43 +0200] "GET /js/ajax.js HTTP/1.1" 404 1301 "http://localhost/" "Mozilla/5.0 (Windows NT 10.0; Win64; x64) AppleWebKit/537.36 (KHTML, like Gecko) Chrome/83.0.4103.97 Safari/537.36"
::1 - - [16/Jun/2020:15:02:43 +0200] "GET /js/cours.js HTTP/1.1" 404 1301 "http://localhost/" "Mozilla/5.0 (Windows NT 10.0; Win64; x64) AppleWebKit/537.36 (KHTML, like Gecko) Chrome/83.0.4103.97 Safari/537.36"
::1 - - [16/Jun/2020:15:02:43 +0200] "GET /favicon.ico HTTP/1.1" 200 30894 "http://localhost/" "Mozilla/5.0 (Windows NT 10.0; Win64; x64) AppleWebKit/537.36 (KHTML, like Gecko) Chrome/83.0.4103.97 Safari/537.36"
::1 - - [16/Jun/2020:15:03:21 +0200] "GET / HTTP/1.1" 200 531 "-" "Mozilla/5.0 (Windows NT 10.0; Win64; x64) AppleWebKit/537.36 (KHTML, like Gecko) Chrome/83.0.4103.97 Safari/537.36"
::1 - - [16/Jun/2020:15:03:21 +0200] "GET /CSS/index.css HTTP/1.1" 304 - "http://localhost/" "Mozilla/5.0 (Windows NT 10.0; Win64; x64) AppleWebKit/537.36 (KHTML, like Gecko) Chrome/83.0.4103.97 Safari/537.36"
::1 - - [16/Jun/2020:15:03:21 +0200] "GET /js/ajax.js HTTP/1.1" 404 1301 "http://localhost/" "Mozilla/5.0 (Windows NT 10.0; Win64; x64) AppleWebKit/537.36 (KHTML, like Gecko) Chrome/83.0.4103.97 Safari/537.36"
::1 - - [16/Jun/2020:15:03:21 +0200] "GET /js/cours.js HTTP/1.1" 404 1301 "http://localhost/" "Mozilla/5.0 (Windows NT 10.0; Win64; x64) AppleWebKit/537.36 (KHTML, like Gecko) Chrome/83.0.4103.97 Safari/537.36"
::1 - - [16/Jun/2020:15:03:21 +0200] "GET /favicon.ico HTTP/1.1" 200 30894 "http://localhost/" "Mozilla/5.0 (Windows NT 10.0; Win64; x64) AppleWebKit/537.36 (KHTML, like Gecko) Chrome/83.0.4103.97 Safari/537.36"
::1 - - [16/Jun/2020:15:03:27 +0200] "GET / HTTP/1.1" 200 531 "-" "Mozilla/5.0 (Windows NT 10.0; Win64; x64) AppleWebKit/537.36 (KHTML, like Gecko) Chrome/83.0.4103.97 Safari/537.36"
::1 - - [16/Jun/2020:15:03:27 +0200] "GET /js/ajax.js HTTP/1.1" 404 1301 "http://localhost/" "Mozilla/5.0 (Windows NT 10.0; Win64; x64) AppleWebKit/537.36 (KHTML, like Gecko) Chrome/83.0.4103.97 Safari/537.36"
::1 - - [16/Jun/2020:15:03:27 +0200] "GET /js/cours.js HTTP/1.1" 404 1301 "http://localhost/" "Mozilla/5.0 (Windows NT 10.0; Win64; x64) AppleWebKit/537.36 (KHTML, like Gecko) Chrome/83.0.4103.97 Safari/537.36"
::1 - - [16/Jun/2020:15:03:27 +0200] "GET /favicon.ico HTTP/1.1" 200 30894 "http://localhost/" "Mozilla/5.0 (Windows NT 10.0; Win64; x64) AppleWebKit/537.36 (KHTML, like Gecko) Chrome/83.0.4103.97 Safari/537.36"
::1 - - [16/Jun/2020:15:03:48 +0200] "GET / HTTP/1.1" 200 486 "-" "Mozilla/5.0 (Windows NT 10.0; Win64; x64) AppleWebKit/537.36 (KHTML, like Gecko) Chrome/83.0.4103.97 Safari/537.36"
::1 - - [16/Jun/2020:15:03:49 +0200] "GET /js/cours.js HTTP/1.1" 404 1301 "http://localhost/" "Mozilla/5.0 (Windows NT 10.0; Win64; x64) AppleWebKit/537.36 (KHTML, like Gecko) Chrome/83.0.4103.97 Safari/537.36"
::1 - - [16/Jun/2020:15:03:49 +0200] "GET /js/ajax.js HTTP/1.1" 404 1301 "http://localhost/" "Mozilla/5.0 (Windows NT 10.0; Win64; x64) AppleWebKit/537.36 (KHTML, like Gecko) Chrome/83.0.4103.97 Safari/537.36"
::1 - - [16/Jun/2020:15:03:49 +0200] "GET /js/cours.js HTTP/1.1" 404 1301 "http://localhost/" "Mozilla/5.0 (Windows NT 10.0; Win64; x64) AppleWebKit/537.36 (KHTML, like Gecko) Chrome/83.0.4103.97 Safari/537.36"
::1 - - [16/Jun/2020:15:03:49 +0200] "GET /favicon.ico HTTP/1.1" 200 30894 "http://localhost/" "Mozilla/5.0 (Windows NT 10.0; Win64; x64) AppleWebKit/537.36 (KHTML, like Gecko) Chrome/83.0.4103.97 Safari/537.36"
::1 - - [16/Jun/2020:15:05:39 +0200] "GET / HTTP/1.1" 200 460 "-" "Mozilla/5.0 (Windows NT 10.0; Win64; x64) AppleWebKit/537.36 (KHTML, like Gecko) Chrome/83.0.4103.97 Safari/537.36"
::1 - - [16/Jun/2020:15:05:39 +0200] "GET /favicon.ico HTTP/1.1" 200 30894 "http://localhost/" "Mozilla/5.0 (Windows NT 10.0; Win64; x64) AppleWebKit/537.36 (KHTML, like Gecko) Chrome/83.0.4103.97 Safari/537.36"
::1 - - [16/Jun/2020:15:05:49 +0200] "GET / HTTP/1.1" 200 444 "-" "Mozilla/5.0 (Windows NT 10.0; Win64; x64) AppleWebKit/537.36 (KHTML, like Gecko) Chrome/83.0.4103.97 Safari/537.36"
::1 - - [16/Jun/2020:15:05:49 +0200] "GET /favicon.ico HTTP/1.1" 200 30894 "http://localhost/" "Mozilla/5.0 (Windows NT 10.0; Win64; x64) AppleWebKit/537.36 (KHTML, like Gecko) Chrome/83.0.4103.97 Safari/537.36"
::1 - - [16/Jun/2020:15:06:05 +0200] "GET / HTTP/1.1" 200 468 "-" "Mozilla/5.0 (Windows NT 10.0; Win64; x64) AppleWebKit/537.36 (KHTML, like Gecko) Chrome/83.0.4103.97 Safari/537.36"
::1 - - [16/Jun/2020:15:06:06 +0200] "GET /favicon.ico HTTP/1.1" 200 30894 "http://localhost/" "Mozilla/5.0 (Windows NT 10.0; Win64; x64) AppleWebKit/537.36 (KHTML, like Gecko) Chrome/83.0.4103.97 Safari/537.36"
::1 - - [16/Jun/2020:15:06:11 +0200] "GET / HTTP/1.1" 200 467 "-" "Mozilla/5.0 (Windows NT 10.0; Win64; x64) AppleWebKit/537.36 (KHTML, like Gecko) Chrome/83.0.4103.97 Safari/537.36"
::1 - - [16/Jun/2020:15:06:11 +0200] "GET /favicon.ico HTTP/1.1" 200 30894 "http://localhost/" "Mozilla/5.0 (Windows NT 10.0; Win64; x64) AppleWebKit/537.36 (KHTML, like Gecko) Chrome/83.0.4103.97 Safari/537.36"
::1 - - [16/Jun/2020:15:06:21 +0200] "GET / HTTP/1.1" 200 468 "-" "Mozilla/5.0 (Windows NT 10.0; Win64; x64) AppleWebKit/537.36 (KHTML, like Gecko) Chrome/83.0.4103.97 Safari/537.36"
::1 - - [16/Jun/2020:15:06:21 +0200] "GET /favicon.ico HTTP/1.1" 200 30894 "http://localhost/" "Mozilla/5.0 (Windows NT 10.0; Win64; x64) AppleWebKit/537.36 (KHTML, like Gecko) Chrome/83.0.4103.97 Safari/537.36"
::1 - - [16/Jun/2020:15:07:38 +0200] "GET / HTTP/1.1" 200 382 "-" "Mozilla/5.0 (Windows NT 10.0; Win64; x64) AppleWebKit/537.36 (KHTML, like Gecko) Chrome/83.0.4103.97 Safari/537.36"
::1 - - [16/Jun/2020:15:07:40 +0200] "GET /favicon.ico HTTP/1.1" 200 30894 "http://localhost/" "Mozilla/5.0 (Windows NT 10.0; Win64; x64) AppleWebKit/537.36 (KHTML, like Gecko) Chrome/83.0.4103.97 Safari/537.36"
::1 - - [16/Jun/2020:15:08:12 +0200] "GET / HTTP/1.1" 200 535 "-" "Mozilla/5.0 (Windows NT 10.0; Win64; x64) AppleWebKit/537.36 (KHTML, like Gecko) Chrome/83.0.4103.97 Safari/537.36"
::1 - - [16/Jun/2020:15:08:12 +0200] "GET /JS/index.js HTTP/1.1" 200 903 "http://localhost/" "Mozilla/5.0 (Windows NT 10.0; Win64; x64) AppleWebKit/537.36 (KHTML, like Gecko) Chrome/83.0.4103.97 Safari/537.36"
::1 - - [16/Jun/2020:15:08:12 +0200] "GET /js/ajax.js HTTP/1.1" 404 1301 "http://localhost/" "Mozilla/5.0 (Windows NT 10.0; Win64; x64) AppleWebKit/537.36 (KHTML, like Gecko) Chrome/83.0.4103.97 Safari/537.36"
::1 - - [16/Jun/2020:15:08:12 +0200] "GET /js/cours.js HTTP/1.1" 404 1301 "http://localhost/" "Mozilla/5.0 (Windows NT 10.0; Win64; x64) AppleWebKit/537.36 (KHTML, like Gecko) Chrome/83.0.4103.97 Safari/537.36"
::1 - - [16/Jun/2020:15:08:12 +0200] "GET /js/ajax.js HTTP/1.1" 404 1301 "http://localhost/" "Mozilla/5.0 (Windows NT 10.0; Win64; x64) AppleWebKit/537.36 (KHTML, like Gecko) Chrome/83.0.4103.97 Safari/537.36"
::1 - - [16/Jun/2020:15:08:13 +0200] "GET /js/cours.js HTTP/1.1" 404 1301 "http://localhost/" "Mozilla/5.0 (Windows NT 10.0; Win64; x64) AppleWebKit/537.36 (KHTML, like Gecko) Chrome/83.0.4103.97 Safari/537.36"
::1 - - [16/Jun/2020:15:08:13 +0200] "GET /favicon.ico HTTP/1.1" 200 30894 "http://localhost/" "Mozilla/5.0 (Windows NT 10.0; Win64; x64) AppleWebKit/537.36 (KHTML, like Gecko) Chrome/83.0.4103.97 Safari/537.36"
::1 - - [16/Jun/2020:15:08:19 +0200] "GET / HTTP/1.1" 200 535 "-" "Mozilla/5.0 (Windows NT 10.0; Win64; x64) AppleWebKit/537.36 (KHTML, like Gecko) Chrome/83.0.4103.97 Safari/537.36"
::1 - - [16/Jun/2020:15:08:19 +0200] "GET /JS/index.js HTTP/1.1" 200 907 "http://localhost/" "Mozilla/5.0 (Windows NT 10.0; Win64; x64) AppleWebKit/537.36 (KHTML, like Gecko) Chrome/83.0.4103.97 Safari/537.36"
::1 - - [16/Jun/2020:15:08:19 +0200] "GET /js/ajax.js HTTP/1.1" 404 1301 "http://localhost/" "Mozilla/5.0 (Windows NT 10.0; Win64; x64) AppleWebKit/537.36 (KHTML, like Gecko) Chrome/83.0.4103.97 Safari/537.36"
::1 - - [16/Jun/2020:15:08:19 +0200] "GET /js/cours.js HTTP/1.1" 404 1301 "http://localhost/" "Mozilla/5.0 (Windows NT 10.0; Win64; x64) AppleWebKit/537.36 (KHTML, like Gecko) Chrome/83.0.4103.97 Safari/537.36"
::1 - - [16/Jun/2020:15:08:19 +0200] "GET /js/ajax.js HTTP/1.1" 404 1301 "http://localhost/" "Mozilla/5.0 (Windows NT 10.0; Win64; x64) AppleWebKit/537.36 (KHTML, like Gecko) Chrome/83.0.4103.97 Safari/537.36"
::1 - - [16/Jun/2020:15:08:19 +0200] "GET /js/cours.js HTTP/1.1" 404 1301 "http://localhost/" "Mozilla/5.0 (Windows NT 10.0; Win64; x64) AppleWebKit/537.36 (KHTML, like Gecko) Chrome/83.0.4103.97 Safari/537.36"
::1 - - [16/Jun/2020:15:08:19 +0200] "GET /favicon.ico HTTP/1.1" 200 30894 "http://localhost/" "Mozilla/5.0 (Windows NT 10.0; Win64; x64) AppleWebKit/537.36 (KHTML, like Gecko) Chrome/83.0.4103.97 Safari/537.36"
::1 - - [16/Jun/2020:15:08:33 +0200] "GET / HTTP/1.1" 200 535 "-" "Mozilla/5.0 (Windows NT 10.0; Win64; x64) AppleWebKit/537.36 (KHTML, like Gecko) Chrome/83.0.4103.97 Safari/537.36"
::1 - - [16/Jun/2020:15:08:33 +0200] "GET /JS/index.js HTTP/1.1" 200 20 "http://localhost/" "Mozilla/5.0 (Windows NT 10.0; Win64; x64) AppleWebKit/537.36 (KHTML, like Gecko) Chrome/83.0.4103.97 Safari/537.36"
::1 - - [16/Jun/2020:15:08:33 +0200] "GET /js/cours.js HTTP/1.1" 404 1301 "http://localhost/" "Mozilla/5.0 (Windows NT 10.0; Win64; x64) AppleWebKit/537.36 (KHTML, like Gecko) Chrome/83.0.4103.97 Safari/537.36"
::1 - - [16/Jun/2020:15:08:33 +0200] "GET /js/ajax.js HTTP/1.1" 404 1301 "http://localhost/" "Mozilla/5.0 (Windows NT 10.0; Win64; x64) AppleWebKit/537.36 (KHTML, like Gecko) Chrome/83.0.4103.97 Safari/537.36"
::1 - - [16/Jun/2020:15:08:35 +0200] "GET /js/ajax.js HTTP/1.1" 404 1301 "http://localhost/" "Mozilla/5.0 (Windows NT 10.0; Win64; x64) AppleWebKit/537.36 (KHTML, like Gecko) Chrome/83.0.4103.97 Safari/537.36"
::1 - - [16/Jun/2020:15:08:35 +0200] "GET /js/cours.js HTTP/1.1" 404 1301 "http://localhost/" "Mozilla/5.0 (Windows NT 10.0; Win64; x64) AppleWebKit/537.36 (KHTML, like Gecko) Chrome/83.0.4103.97 Safari/537.36"
::1 - - [16/Jun/2020:15:08:35 +0200] "GET /favicon.ico HTTP/1.1" 200 30894 "http://localhost/" "Mozilla/5.0 (Windows NT 10.0; Win64; x64) AppleWebKit/537.36 (KHTML, like Gecko) Chrome/83.0.4103.97 Safari/537.36"
::1 - - [16/Jun/2020:15:17:22 +0200] "POST /phpmyadmin/index.php HTTP/1.1" 200 1462 "-" "Mozilla/5.0 (Windows NT 10.0; Win64; x64) AppleWebKit/537.36 (KHTML, like Gecko) Chrome/83.0.4103.97 Safari/537.36"
::1 - - [16/Jun/2020:15:17:51 +0200] "POST /phpmyadmin/index.php HTTP/1.1" 200 1462 "-" "Mozilla/5.0 (Windows NT 10.0; Win64; x64) AppleWebKit/537.36 (KHTML, like Gecko) Chrome/83.0.4103.97 Safari/537.36"
::1 - - [16/Jun/2020:15:17:53 +0200] "POST /phpmyadmin/index.php HTTP/1.1" 200 1462 "-" "Mozilla/5.0 (Windows NT 10.0; Win64; x64) AppleWebKit/537.36 (KHTML, like Gecko) Chrome/83.0.4103.97 Safari/537.36"
::1 - - [16/Jun/2020:15:17:55 +0200] "POST /phpmyadmin/index.php HTTP/1.1" 200 1462 "-" "Mozilla/5.0 (Windows NT 10.0; Win64; x64) AppleWebKit/537.36 (KHTML, like Gecko) Chrome/83.0.4103.97 Safari/537.36"
::1 - - [16/Jun/2020:15:22:17 +0200] "POST /phpmyadmin/index.php HTTP/1.1" 200 1462 "-" "Mozilla/5.0 (Windows NT 10.0; Win64; x64) AppleWebKit/537.36 (KHTML, like Gecko) Chrome/83.0.4103.97 Safari/537.36"
::1 - - [16/Jun/2020:15:22:19 +0200] "POST /phpmyadmin/index.php HTTP/1.1" 200 1462 "-" "Mozilla/5.0 (Windows NT 10.0; Win64; x64) AppleWebKit/537.36 (KHTML, like Gecko) Chrome/83.0.4103.97 Safari/537.36"
::1 - - [16/Jun/2020:15:22:21 +0200] "POST /phpmyadmin/index.php HTTP/1.1" 200 1462 "-" "Mozilla/5.0 (Windows NT 10.0; Win64; x64) AppleWebKit/537.36 (KHTML, like Gecko) Chrome/83.0.4103.97 Safari/537.36"
::1 - - [16/Jun/2020:15:23:38 +0200] "GET / HTTP/1.1" 200 649 "-" "Mozilla/5.0 (Windows NT 10.0; Win64; x64) AppleWebKit/537.36 (KHTML, like Gecko) Chrome/83.0.4103.97 Safari/537.36"
::1 - - [16/Jun/2020:15:23:38 +0200] "GET /CSS/index.css HTTP/1.1" 200 598 "http://localhost/" "Mozilla/5.0 (Windows NT 10.0; Win64; x64) AppleWebKit/537.36 (KHTML, like Gecko) Chrome/83.0.4103.97 Safari/537.36"
::1 - - [16/Jun/2020:15:23:38 +0200] "GET /JS/index.js HTTP/1.1" 200 190 "http://localhost/" "Mozilla/5.0 (Windows NT 10.0; Win64; x64) AppleWebKit/537.36 (KHTML, like Gecko) Chrome/83.0.4103.97 Safari/537.36"
::1 - - [16/Jun/2020:15:23:40 +0200] "GET /favicon.ico HTTP/1.1" 200 30894 "http://localhost/" "Mozilla/5.0 (Windows NT 10.0; Win64; x64) AppleWebKit/537.36 (KHTML, like Gecko) Chrome/83.0.4103.97 Safari/537.36"
::1 - - [16/Jun/2020:15:24:45 +0200] "GET / HTTP/1.1" 200 649 "-" "Mozilla/5.0 (Windows NT 10.0; Win64; x64) AppleWebKit/537.36 (KHTML, like Gecko) Chrome/83.0.4103.97 Safari/537.36"
::1 - - [16/Jun/2020:15:24:45 +0200] "GET /CSS/index.css HTTP/1.1" 304 - "http://localhost/" "Mozilla/5.0 (Windows NT 10.0; Win64; x64) AppleWebKit/537.36 (KHTML, like Gecko) Chrome/83.0.4103.97 Safari/537.36"
::1 - - [16/Jun/2020:15:24:45 +0200] "GET /JS/index.js HTTP/1.1" 200 695 "http://localhost/" "Mozilla/5.0 (Windows NT 10.0; Win64; x64) AppleWebKit/537.36 (KHTML, like Gecko) Chrome/83.0.4103.97 Safari/537.36"
::1 - - [16/Jun/2020:15:24:47 +0200] "GET /favicon.ico HTTP/1.1" 200 30894 "http://localhost/" "Mozilla/5.0 (Windows NT 10.0; Win64; x64) AppleWebKit/537.36 (KHTML, like Gecko) Chrome/83.0.4103.97 Safari/537.36"
::1 - - [16/Jun/2020:15:26:17 +0200] "GET / HTTP/1.1" 200 649 "-" "Mozilla/5.0 (Windows NT 10.0; Win64; x64) AppleWebKit/537.36 (KHTML, like Gecko) Chrome/83.0.4103.97 Safari/537.36"
::1 - - [16/Jun/2020:15:26:17 +0200] "GET /CSS/index.css HTTP/1.1" 304 - "http://localhost/" "Mozilla/5.0 (Windows NT 10.0; Win64; x64) AppleWebKit/537.36 (KHTML, like Gecko) Chrome/83.0.4103.97 Safari/537.36"
::1 - - [16/Jun/2020:15:26:17 +0200] "GET /JS/index.js HTTP/1.1" 200 1799 "http://localhost/" "Mozilla/5.0 (Windows NT 10.0; Win64; x64) AppleWebKit/537.36 (KHTML, like Gecko) Chrome/83.0.4103.97 Safari/537.36"
::1 - - [16/Jun/2020:15:26:20 +0200] "GET /favicon.ico HTTP/1.1" 200 30894 "http://localhost/" "Mozilla/5.0 (Windows NT 10.0; Win64; x64) AppleWebKit/537.36 (KHTML, like Gecko) Chrome/83.0.4103.97 Safari/537.36"
::1 - - [16/Jun/2020:15:28:45 +0200] "GET / HTTP/1.1" 200 649 "-" "Mozilla/5.0 (Windows NT 10.0; Win64; x64) AppleWebKit/537.36 (KHTML, like Gecko) Chrome/83.0.4103.97 Safari/537.36"
::1 - - [16/Jun/2020:15:28:46 +0200] "GET /CSS/index.css HTTP/1.1" 304 - "http://localhost/" "Mozilla/5.0 (Windows NT 10.0; Win64; x64) AppleWebKit/537.36 (KHTML, like Gecko) Chrome/83.0.4103.97 Safari/537.36"
::1 - - [16/Jun/2020:15:28:46 +0200] "GET /JS/index.js HTTP/1.1" 200 349 "http://localhost/" "Mozilla/5.0 (Windows NT 10.0; Win64; x64) AppleWebKit/537.36 (KHTML, like Gecko) Chrome/83.0.4103.97 Safari/537.36"
::1 - - [16/Jun/2020:15:28:47 +0200] "GET /favicon.ico HTTP/1.1" 200 30894 "http://localhost/" "Mozilla/5.0 (Windows NT 10.0; Win64; x64) AppleWebKit/537.36 (KHTML, like Gecko) Chrome/83.0.4103.97 Safari/537.36"
::1 - - [16/Jun/2020:15:29:24 +0200] "GET / HTTP/1.1" 200 649 "-" "Mozilla/5.0 (Windows NT 10.0; Win64; x64) AppleWebKit/537.36 (KHTML, like Gecko) Chrome/83.0.4103.97 Safari/537.36"
::1 - - [16/Jun/2020:15:29:24 +0200] "GET /CSS/index.css HTTP/1.1" 304 - "http://localhost/" "Mozilla/5.0 (Windows NT 10.0; Win64; x64) AppleWebKit/537.36 (KHTML, like Gecko) Chrome/83.0.4103.97 Safari/537.36"
::1 - - [16/Jun/2020:15:29:24 +0200] "GET /JS/index.js HTTP/1.1" 200 349 "http://localhost/" "Mozilla/5.0 (Windows NT 10.0; Win64; x64) AppleWebKit/537.36 (KHTML, like Gecko) Chrome/83.0.4103.97 Safari/537.36"
::1 - - [16/Jun/2020:15:29:26 +0200] "GET /favicon.ico HTTP/1.1" 200 30894 "http://localhost/" "Mozilla/5.0 (Windows NT 10.0; Win64; x64) AppleWebKit/537.36 (KHTML, like Gecko) Chrome/83.0.4103.97 Safari/537.36"
::1 - - [16/Jun/2020:15:29:50 +0200] "GET / HTTP/1.1" 200 649 "-" "Mozilla/5.0 (Windows NT 10.0; Win64; x64) AppleWebKit/537.36 (KHTML, like Gecko) Chrome/83.0.4103.97 Safari/537.36"
::1 - - [16/Jun/2020:15:29:50 +0200] "GET /JS/index.js HTTP/1.1" 200 341 "http://localhost/" "Mozilla/5.0 (Windows NT 10.0; Win64; x64) AppleWebKit/537.36 (KHTML, like Gecko) Chrome/83.0.4103.97 Safari/537.36"
::1 - - [16/Jun/2020:15:29:52 +0200] "GET /favicon.ico HTTP/1.1" 200 30894 "http://localhost/" "Mozilla/5.0 (Windows NT 10.0; Win64; x64) AppleWebKit/537.36 (KHTML, like Gecko) Chrome/83.0.4103.97 Safari/537.36"
::1 - - [16/Jun/2020:15:33:50 +0200] "GET / HTTP/1.1" 200 649 "-" "Mozilla/5.0 (Windows NT 10.0; Win64; x64) AppleWebKit/537.36 (KHTML, like Gecko) Chrome/83.0.4103.97 Safari/537.36"
::1 - - [16/Jun/2020:15:33:50 +0200] "GET /CSS/index.css HTTP/1.1" 304 - "http://localhost/" "Mozilla/5.0 (Windows NT 10.0; Win64; x64) AppleWebKit/537.36 (KHTML, like Gecko) Chrome/83.0.4103.97 Safari/537.36"
::1 - - [16/Jun/2020:15:33:50 +0200] "GET /JS/index.js HTTP/1.1" 200 393 "http://localhost/" "Mozilla/5.0 (Windows NT 10.0; Win64; x64) AppleWebKit/537.36 (KHTML, like Gecko) Chrome/83.0.4103.97 Safari/537.36"
::1 - - [16/Jun/2020:15:33:52 +0200] "GET /favicon.ico HTTP/1.1" 200 30894 "http://localhost/" "Mozilla/5.0 (Windows NT 10.0; Win64; x64) AppleWebKit/537.36 (KHTML, like Gecko) Chrome/83.0.4103.97 Safari/537.36"
::1 - - [16/Jun/2020:15:34:03 +0200] "GET / HTTP/1.1" 200 649 "-" "Mozilla/5.0 (Windows NT 10.0; Win64; x64) AppleWebKit/537.36 (KHTML, like Gecko) Chrome/83.0.4103.97 Safari/537.36"
::1 - - [16/Jun/2020:15:34:03 +0200] "GET /JS/index.js HTTP/1.1" 200 394 "http://localhost/" "Mozilla/5.0 (Windows NT 10.0; Win64; x64) AppleWebKit/537.36 (KHTML, like Gecko) Chrome/83.0.4103.97 Safari/537.36"
::1 - - [16/Jun/2020:15:34:05 +0200] "GET /favicon.ico HTTP/1.1" 200 30894 "http://localhost/" "Mozilla/5.0 (Windows NT 10.0; Win64; x64) AppleWebKit/537.36 (KHTML, like Gecko) Chrome/83.0.4103.97 Safari/537.36"
::1 - - [16/Jun/2020:15:34:23 +0200] "GET / HTTP/1.1" 200 649 "-" "Mozilla/5.0 (Windows NT 10.0; Win64; x64) AppleWebKit/537.36 (KHTML, like Gecko) Chrome/83.0.4103.97 Safari/537.36"
::1 - - [16/Jun/2020:15:34:23 +0200] "GET /JS/index.js HTTP/1.1" 200 375 "http://localhost/" "Mozilla/5.0 (Windows NT 10.0; Win64; x64) AppleWebKit/537.36 (KHTML, like Gecko) Chrome/83.0.4103.97 Safari/537.36"
::1 - - [16/Jun/2020:15:34:25 +0200] "GET /favicon.ico HTTP/1.1" 200 30894 "http://localhost/" "Mozilla/5.0 (Windows NT 10.0; Win64; x64) AppleWebKit/537.36 (KHTML, like Gecko) Chrome/83.0.4103.97 Safari/537.36"
::1 - - [16/Jun/2020:15:37:21 +0200] "GET / HTTP/1.1" 200 649 "-" "Mozilla/5.0 (Windows NT 10.0; Win64; x64) AppleWebKit/537.36 (KHTML, like Gecko) Chrome/83.0.4103.97 Safari/537.36"
::1 - - [16/Jun/2020:15:37:21 +0200] "GET /CSS/index.css HTTP/1.1" 304 - "http://localhost/" "Mozilla/5.0 (Windows NT 10.0; Win64; x64) AppleWebKit/537.36 (KHTML, like Gecko) Chrome/83.0.4103.97 Safari/537.36"
::1 - - [16/Jun/2020:15:37:21 +0200] "GET /JS/index.js HTTP/1.1" 200 402 "http://localhost/" "Mozilla/5.0 (Windows NT 10.0; Win64; x64) AppleWebKit/537.36 (KHTML, like Gecko) Chrome/83.0.4103.97 Safari/537.36"
::1 - - [16/Jun/2020:15:37:23 +0200] "GET /favicon.ico HTTP/1.1" 200 30894 "http://localhost/" "Mozilla/5.0 (Windows NT 10.0; Win64; x64) AppleWebKit/537.36 (KHTML, like Gecko) Chrome/83.0.4103.97 Safari/537.36"
::1 - - [16/Jun/2020:15:37:34 +0200] "GET / HTTP/1.1" 200 649 "-" "Mozilla/5.0 (Windows NT 10.0; Win64; x64) AppleWebKit/537.36 (KHTML, like Gecko) Chrome/83.0.4103.97 Safari/537.36"
::1 - - [16/Jun/2020:15:37:34 +0200] "GET /JS/index.js HTTP/1.1" 200 386 "http://localhost/" "Mozilla/5.0 (Windows NT 10.0; Win64; x64) AppleWebKit/537.36 (KHTML, like Gecko) Chrome/83.0.4103.97 Safari/537.36"
::1 - - [16/Jun/2020:15:37:35 +0200] "GET /favicon.ico HTTP/1.1" 200 30894 "http://localhost/" "Mozilla/5.0 (Windows NT 10.0; Win64; x64) AppleWebKit/537.36 (KHTML, like Gecko) Chrome/83.0.4103.97 Safari/537.36"
::1 - - [16/Jun/2020:15:41:13 +0200] "GET / HTTP/1.1" 200 649 "-" "Mozilla/5.0 (Windows NT 10.0; Win64; x64) AppleWebKit/537.36 (KHTML, like Gecko) Chrome/83.0.4103.97 Safari/537.36"
::1 - - [16/Jun/2020:15:41:13 +0200] "GET /CSS/index.css HTTP/1.1" 304 - "http://localhost/" "Mozilla/5.0 (Windows NT 10.0; Win64; x64) AppleWebKit/537.36 (KHTML, like Gecko) Chrome/83.0.4103.97 Safari/537.36"
::1 - - [16/Jun/2020:15:41:13 +0200] "GET /JS/index.js HTTP/1.1" 200 414 "http://localhost/" "Mozilla/5.0 (Windows NT 10.0; Win64; x64) AppleWebKit/537.36 (KHTML, like Gecko) Chrome/83.0.4103.97 Safari/537.36"
::1 - - [16/Jun/2020:15:41:16 +0200] "GET /favicon.ico HTTP/1.1" 200 30894 "http://localhost/" "Mozilla/5.0 (Windows NT 10.0; Win64; x64) AppleWebKit/537.36 (KHTML, like Gecko) Chrome/83.0.4103.97 Safari/537.36"
::1 - - [16/Jun/2020:15:41:56 +0200] "POST /phpmyadmin/index.php HTTP/1.1" 200 1462 "-" "Mozilla/5.0 (Windows NT 10.0; Win64; x64) AppleWebKit/537.36 (KHTML, like Gecko) Chrome/83.0.4103.97 Safari/537.36"
::1 - - [16/Jun/2020:15:42:30 +0200] "POST /phpmyadmin/index.php HTTP/1.1" 200 1462 "-" "Mozilla/5.0 (Windows NT 10.0; Win64; x64) AppleWebKit/537.36 (KHTML, like Gecko) Chrome/83.0.4103.97 Safari/537.36"
::1 - - [16/Jun/2020:15:42:37 +0200] "POST /phpmyadmin/index.php HTTP/1.1" 200 1462 "-" "Mozilla/5.0 (Windows NT 10.0; Win64; x64) AppleWebKit/537.36 (KHTML, like Gecko) Chrome/83.0.4103.97 Safari/537.36"
::1 - - [16/Jun/2020:15:42:39 +0200] "POST /phpmyadmin/index.php HTTP/1.1" 200 1462 "-" "Mozilla/5.0 (Windows NT 10.0; Win64; x64) AppleWebKit/537.36 (KHTML, like Gecko) Chrome/83.0.4103.97 Safari/537.36"
::1 - - [16/Jun/2020:15:46:21 +0200] "POST /phpmyadmin/index.php HTTP/1.1" 200 1462 "-" "Mozilla/5.0 (Windows NT 10.0; Win64; x64) AppleWebKit/537.36 (KHTML, like Gecko) Chrome/83.0.4103.97 Safari/537.36"
::1 - - [16/Jun/2020:15:46:27 +0200] "POST /phpmyadmin/index.php HTTP/1.1" 200 1462 "-" "Mozilla/5.0 (Windows NT 10.0; Win64; x64) AppleWebKit/537.36 (KHTML, like Gecko) Chrome/83.0.4103.97 Safari/537.36"
::1 - - [16/Jun/2020:15:46:29 +0200] "POST /phpmyadmin/index.php HTTP/1.1" 200 1462 "-" "Mozilla/5.0 (Windows NT 10.0; Win64; x64) AppleWebKit/537.36 (KHTML, like Gecko) Chrome/83.0.4103.97 Safari/537.36"
::1 - - [16/Jun/2020:16:18:40 +0200] "POST /phpmyadmin/index.php HTTP/1.1" 200 1462 "-" "Mozilla/5.0 (Windows NT 10.0; Win64; x64) AppleWebKit/537.36 (KHTML, like Gecko) Chrome/83.0.4103.97 Safari/537.36"
::1 - - [16/Jun/2020:16:18:40 +0200] "POST /phpmyadmin/index.php HTTP/1.1" 200 1462 "-" "Mozilla/5.0 (Windows NT 10.0; Win64; x64) AppleWebKit/537.36 (KHTML, like Gecko) Chrome/83.0.4103.97 Safari/537.36"
